Rc files read (in order):
  NONE
Latexmk: This is Latexmk, John Collins, 9 March 2026. Version 4.88.
Latexmk: applying rule 'pdflatex'...
Rule 'pdflatex':  Reasons for rerun
Changed files or newly in use/created:
  manuscript.tex
Category 'changed_user':
  manuscript.tex

------------
Run number 1 of rule 'pdflatex'
------------
------------
Running 'pdflatex  -interaction=nonstopmode -recorder  "manuscript.tex"'
------------
This is pdfTeX, Version 3.141592653-2.6-1.40.28 (MiKTeX 25.12) (preloaded format=pdflatex.fmt)
 restricted \write18 enabled.
entering extended mode
(manuscript.tex
LaTeX2e <2025-11-01>
L3 programming layer <2025-12-24>

(C:\Users\shihao\AppData\Local\Programs\MiKTeX\tex/latex/elsarticle\elsarticle.
cls
Document Class: elsarticle 2026/01/09, 3.5: Elsevier Ltd
(C:\Users\shihao\AppData\Local\Programs\MiKTeX\tex/latex/base\fontenc.sty)
(C:\Users\shihao\AppData\Local\Programs\MiKTeX\tex/latex/l3kernel\expl3.sty
(C:\Users\shihao\AppData\Local\Programs\MiKTeX\tex/latex/l3backend\l3backend-pd
ftex.def))
(C:\Users\shihao\AppData\Local\Programs\MiKTeX\tex/latex/l3packages/xparse\xpar
se.sty)
(C:\Users\shihao\AppData\Local\Programs\MiKTeX\tex/latex/etoolbox\etoolbox.sty)
(C:\Users\shihao\AppData\Local\Programs\MiKTeX\tex/latex/base\article.cls
Document Class: article 2025/01/22 v1.4n Standard LaTeX document class
(C:\Users\shihao\AppData\Local\Programs\MiKTeX\tex/latex/base\size10.clo))
(C:\Users\shihao\AppData\Local\Programs\MiKTeX\tex/latex/graphics\graphicx.sty
(C:\Users\shihao\AppData\Local\Programs\MiKTeX\tex/latex/graphics\keyval.sty)
(C:\Users\shihao\AppData\Local\Programs\MiKTeX\tex/latex/graphics\graphics.sty
(C:\Users\shihao\AppData\Local\Programs\MiKTeX\tex/latex/graphics\trig.sty)
(C:\Users\shihao\AppData\Local\Programs\MiKTeX\tex/latex/graphics-cfg\graphics.
cfg)
(C:\Users\shihao\AppData\Local\Programs\MiKTeX\tex/latex/graphics-def\pdftex.de
f))) (manuscript.spl)
(C:\Users\shihao\AppData\Local\Programs\MiKTeX\tex/latex/natbib\natbib.sty))
(C:\Users\shihao\AppData\Local\Programs\MiKTeX\tex/latex/txfonts\txfonts.sty)
(C:\Users\shihao\AppData\Local\Programs\MiKTeX\tex/latex/amsfonts\amssymb.sty
(C:\Users\shihao\AppData\Local\Programs\MiKTeX\tex/latex/amsfonts\amsfonts.sty)
) (C:\Users\shihao\AppData\Local\Programs\MiKTeX\tex/latex/amsmath\amsmath.sty
For additional information on amsmath, use the `?' option.
(C:\Users\shihao\AppData\Local\Programs\MiKTeX\tex/latex/amsmath\amstext.sty
(C:\Users\shihao\AppData\Local\Programs\MiKTeX\tex/latex/amsmath\amsgen.sty))
(C:\Users\shihao\AppData\Local\Programs\MiKTeX\tex/latex/amsmath\amsbsy.sty)
(C:\Users\shihao\AppData\Local\Programs\MiKTeX\tex/latex/amsmath\amsopn.sty))
(C:\Users\shihao\AppData\Local\Programs\MiKTeX\tex/latex/amscls\amsthm.sty)
(C:\Users\shihao\AppData\Local\Programs\MiKTeX\tex/latex/algorithms\algorithm.s
ty (C:\Users\shihao\AppData\Local\Programs\MiKTeX\tex/latex/float\float.sty)
(C:\Users\shihao\AppData\Local\Programs\MiKTeX\tex/latex/base\ifthen.sty))
(C:\Users\shihao\AppData\Local\Programs\MiKTeX\tex/latex/algorithmicx\algpseudo
code.sty
(C:\Users\shihao\AppData\Local\Programs\MiKTeX\tex/latex/algorithmicx\algorithm
icx.sty
Document Style algorithmicx 1.2 - a greatly improved `algorithmic' style
)
Document Style - pseudocode environments for use with the `algorithmicx' style
) (C:\Users\shihao\AppData\Local\Programs\MiKTeX\tex/latex/tools\bm.sty)
(C:\Users\shihao\AppData\Local\Programs\MiKTeX\tex/latex/booktabs\booktabs.sty)
 (C:\Users\shihao\AppData\Local\Programs\MiKTeX\tex/latex/tools\enumerate.sty)
(C:\Users\shihao\AppData\Local\Programs\MiKTeX\tex/latex/caption\caption.sty
(C:\Users\shihao\AppData\Local\Programs\MiKTeX\tex/latex/caption\caption3.sty
(C:\Users\shihao\AppData\Local\Programs\MiKTeX\tex/latex/caption\caption-elsart
icle.sto)))
(C:\Users\shihao\AppData\Local\Programs\MiKTeX\tex/latex/txfonts\t1txr.fd)
(manuscript.aux)
(C:\Users\shihao\AppData\Local\Programs\MiKTeX\tex/latex/txfonts\omltxmi.fd)
(C:\Users\shihao\AppData\Local\Programs\MiKTeX\tex/latex/txfonts\omstxsy.fd)
(C:\Users\shihao\AppData\Local\Programs\MiKTeX\tex/latex/txfonts\omxtxex.fd)
(C:\Users\shihao\AppData\Local\Programs\MiKTeX\tex/latex/txfonts\utxexa.fd)
(C:\Users\shihao\AppData\Local\Programs\MiKTeX\tex/context/base/mkii\supp-pdf.m
kii
[Loading MPS to PDF converter (version 2006.09.02).]
)
(C:\Users\shihao\AppData\Local\Programs\MiKTeX\tex/latex/epstopdf-pkg\epstopdf-
base.sty
(C:\Users\shihao\AppData\Local\Programs\MiKTeX\tex/latex/00miktex\epstopdf-sys.
cfg))
Overfull \hbox (19.80003pt too wide) in paragraph at lines 158--158
\T1/txr/bx/n/10 Scatter-Regularized Cross-Multi-Kernel Con-trastive Learn-ing f
or One-Class Anomaly

Overfull \hbox (19.80003pt too wide) in paragraph at lines 163--163
\T1/txr/bx/n/10 Scatter-Regularized Cross-Multi-Kernel Con-trastive Learn-ing f
or One-Class Anomaly
(C:\Users\shihao\AppData\Local\Programs\MiKTeX\tex/latex/txfonts\ts1txr.fd)
(C:\Users\shihao\AppData\Local\Programs\MiKTeX\tex/latex/txfonts\ot1txr.fd)
(C:\Users\shihao\AppData\Local\Programs\MiKTeX\tex/latex/txfonts\utxmia.fd)
(C:\Users\shihao\AppData\Local\Programs\MiKTeX\tex/latex/amsfonts\umsa.fd)
(C:\Users\shihao\AppData\Local\Programs\MiKTeX\tex/latex/amsfonts\umsb.fd)
(C:\Users\shihao\AppData\Local\Programs\MiKTeX\tex/latex/txfonts\utxsyc.fd)
[1{C:/Users/shihao/AppData/Local/MiKTeX/fonts/map/pdftex/pdftex.map}{C:/Users/s
hihao/AppData/Local/Programs/MiKTeX/fonts/enc/dvips/base/8r.enc}] [2]

Package natbib Warning: Citation `chen2024coarse' on page 1 undefined on input 
line 190.


Package natbib Warning: Citation `xie2021network' on page 1 undefined on input 
line 190.


Package natbib Warning: Citation `du2025fraud' on page 1 undefined on input lin
e 191.

[1] [2] [3] [4] [5] [6] [7]
Overfull \hbox (1.6001pt too wide) in paragraph at lines 496--504
\T1/txr/m/n/10 supervised: geometric-transformation pre-dic-tion [[]] and its g
en-er-al-i-sa-tion to non-image
[8] [9] [10] [11]
Overfull \hbox (27.5888pt too wide) in paragraph at lines 716--721
\T1/txr/m/it/10 and equiv-a-lently to max-imis-ing the mean intra-class ker-nel
 align-ment $[] [][] [][] [] \OT1/txr/m/n/10 =

Overfull \hbox (23.0372pt too wide) in paragraph at lines 742--753
\OML/txmi/bx/it/10 H \OT1/txr/m/n/10 = \OML/txmi/m/it/10 N[]\OT1/txr/bx/n/10 1$
 \T1/txr/m/it/10 and a con-vex ker-nel com-bi-na-tion $\OML/txmi/bx/it/10 K[] \
OT1/txr/m/n/10 = [][] \OML/txmi/m/it/10 ^^Q[] \OT1/txr/m/n/10 ^^H[]^^H[]$\T1/tx
r/m/it/10 , where $\OT1/txr/m/n/10 ^^H[] = [\OML/txmi/bx/it/10 h[]\OML/txmi/m/i
t/10 ; [] ; \OML/txmi/bx/it/10 h[]\OT1/txr/m/n/10 ][]$
[12] [13] [14] [15] [16 <./fig_sphere_autos.pdf> <./fig_sphere_wbc.pdf>]
[17] [18] [19] [20 <./roc_figs/new/vertebral_ROC.pdf> <./roc_figs/new/thyroid_R
OC.pdf> <./roc_figs/new/ecoli_ROC.pdf> <./roc_figs/new/glass_ROC.pdf> <./roc_fi
gs/new/wbc_malignant_39_variant1_ROC.pdf> <./roc_figs/new/pageblocks_1_258_vari
ant1_ROC.pdf> <./roc_figs/new/wine_ROC.pdf> <./roc_figs/new/cardio_ROC.pdf> <./
roc_figs/new/cardiotocography_2and3_33_variant1_ROC.pdf> <./roc_figs/new/tic_ta
c_toe_negative_12_variant1_ROC.pdf> <./roc_figs/new/tic_tac_toe_negative_69_var
iant1_ROC.pdf> <./roc_figs/new/wpbc_variant1_ROC.pdf> <./roc_figs/new/ionospher
e_b_24_variant1_ROC.pdf> <./roc_figs/new/zoo_variant1_ROC.pdf> <./roc_figs/new/
sick_sick_72_variant1_ROC.pdf> <./roc_figs/new/autos_variant1_ROC.pdf> <./roc_f
igs/new/annealing_variant1_ROC.pdf> <./roc_figs/new/lymphography_ROC.pdf> <./ro
c_figs/new/bands_band_6_variant1_ROC.pdf> <./roc_figs/new/audiology_variant1_RO
C.pdf>] [21] [22] [23 <./fig_runtime.pdf> <./cd_diagram.pdf>] [24] [25 <./fig_s
ensitivity.pdf>] [26] [27] [28] [29]
Underfull \hbox (badness 2073) in paragraph at lines 1633--1637
[]\T1/txr/m/n/10 X. Chen, K. He, \T1/txr/m/it/10 Ex-plor-ing sim-ple Siamese re
p-re-sen-ta-tion learn-ing\T1/txr/m/n/10 , in:
[30]

Package natbib Warning: There were undefined citations.

[31] [32] [33] (manuscript.aux)

LaTeX Warning: Label(s) may have changed. Rerun to get cross-references right.

 )
(see the transcript file for additional information)<C:/Users/shihao/AppData/Lo
cal/Programs/MiKTeX/fonts/type1/public/amsfonts/symbols/msbm10.pfb><C:/Users/sh
ihao/AppData/Local/Programs/MiKTeX/fonts/type1/public/txfonts/rtcxr.pfb><C:/Use
rs/shihao/AppData/Local/Programs/MiKTeX/fonts/type1/public/txfonts/rtxbmi.pfb><
C:/Users/shihao/AppData/Local/Programs/MiKTeX/fonts/type1/public/txfonts/rtxi.p
fb><C:/Users/shihao/AppData/Local/Programs/MiKTeX/fonts/type1/public/txfonts/rt
xmi.pfb><C:/Users/shihao/AppData/Local/Programs/MiKTeX/fonts/type1/public/txfon
ts/rtxr.pfb><C:/Users/shihao/AppData/Local/Programs/MiKTeX/fonts/type1/public/t
xfonts/txex.pfb><C:/Users/shihao/AppData/Local/Programs/MiKTeX/fonts/type1/publ
ic/txfonts/txsy.pfb><C:/Users/shihao/AppData/Local/Programs/MiKTeX/fonts/type1/
public/txfonts/txsyc.pfb><C:/Users/shihao/AppData/Local/Programs/MiKTeX/fonts/t
ype1/urw/times/utmb8a.pfb><C:/Users/shihao/AppData/Local/Programs/MiKTeX/fonts/
type1/urw/times/utmbi8a.pfb><C:/Users/shihao/AppData/Local/Programs/MiKTeX/font
s/type1/urw/times/utmr8a.pfb><C:/Users/shihao/AppData/Local/Programs/MiKTeX/fon
ts/type1/urw/times/utmri8a.pfb>
Output written on manuscript.pdf (35 pages, 830055 bytes).
Transcript written on manuscript.log.
pdflatex: major issue: So far, you have not checked for MiKTeX updates.
Latexmk: Getting log file 'manuscript.log'
Latexmk: Examining 'manuscript.fls'
Latexmk: Examining 'manuscript.log'
Latexmk: References changed.
Latexmk: Log file says output to 'manuscript.pdf'
Latexmk: applying rule 'pdflatex'...
Rule 'pdflatex':  Reasons for rerun
Changed files or newly in use/created:
  manuscript.aux

------------
Run number 2 of rule 'pdflatex'
------------
------------
Running 'pdflatex  -interaction=nonstopmode -recorder  "manuscript.tex"'
------------
This is pdfTeX, Version 3.141592653-2.6-1.40.28 (MiKTeX 25.12) (preloaded format=pdflatex.fmt)
 restricted \write18 enabled.
entering extended mode
(manuscript.tex
LaTeX2e <2025-11-01>
L3 programming layer <2025-12-24>

(C:\Users\shihao\AppData\Local\Programs\MiKTeX\tex/latex/elsarticle\elsarticle.
cls
Document Class: elsarticle 2026/01/09, 3.5: Elsevier Ltd
(C:\Users\shihao\AppData\Local\Programs\MiKTeX\tex/latex/base\fontenc.sty)
(C:\Users\shihao\AppData\Local\Programs\MiKTeX\tex/latex/l3kernel\expl3.sty
(C:\Users\shihao\AppData\Local\Programs\MiKTeX\tex/latex/l3backend\l3backend-pd
ftex.def))
(C:\Users\shihao\AppData\Local\Programs\MiKTeX\tex/latex/l3packages/xparse\xpar
se.sty)
(C:\Users\shihao\AppData\Local\Programs\MiKTeX\tex/latex/etoolbox\etoolbox.sty)
(C:\Users\shihao\AppData\Local\Programs\MiKTeX\tex/latex/base\article.cls
Document Class: article 2025/01/22 v1.4n Standard LaTeX document class
(C:\Users\shihao\AppData\Local\Programs\MiKTeX\tex/latex/base\size10.clo))
(C:\Users\shihao\AppData\Local\Programs\MiKTeX\tex/latex/graphics\graphicx.sty
(C:\Users\shihao\AppData\Local\Programs\MiKTeX\tex/latex/graphics\keyval.sty)
(C:\Users\shihao\AppData\Local\Programs\MiKTeX\tex/latex/graphics\graphics.sty
(C:\Users\shihao\AppData\Local\Programs\MiKTeX\tex/latex/graphics\trig.sty)
(C:\Users\shihao\AppData\Local\Programs\MiKTeX\tex/latex/graphics-cfg\graphics.
cfg)
(C:\Users\shihao\AppData\Local\Programs\MiKTeX\tex/latex/graphics-def\pdftex.de
f))) (manuscript.spl)
(C:\Users\shihao\AppData\Local\Programs\MiKTeX\tex/latex/natbib\natbib.sty))
(C:\Users\shihao\AppData\Local\Programs\MiKTeX\tex/latex/txfonts\txfonts.sty)
(C:\Users\shihao\AppData\Local\Programs\MiKTeX\tex/latex/amsfonts\amssymb.sty
(C:\Users\shihao\AppData\Local\Programs\MiKTeX\tex/latex/amsfonts\amsfonts.sty)
) (C:\Users\shihao\AppData\Local\Programs\MiKTeX\tex/latex/amsmath\amsmath.sty
For additional information on amsmath, use the `?' option.
(C:\Users\shihao\AppData\Local\Programs\MiKTeX\tex/latex/amsmath\amstext.sty
(C:\Users\shihao\AppData\Local\Programs\MiKTeX\tex/latex/amsmath\amsgen.sty))
(C:\Users\shihao\AppData\Local\Programs\MiKTeX\tex/latex/amsmath\amsbsy.sty)
(C:\Users\shihao\AppData\Local\Programs\MiKTeX\tex/latex/amsmath\amsopn.sty))
(C:\Users\shihao\AppData\Local\Programs\MiKTeX\tex/latex/amscls\amsthm.sty)
(C:\Users\shihao\AppData\Local\Programs\MiKTeX\tex/latex/algorithms\algorithm.s
ty (C:\Users\shihao\AppData\Local\Programs\MiKTeX\tex/latex/float\float.sty)
(C:\Users\shihao\AppData\Local\Programs\MiKTeX\tex/latex/base\ifthen.sty))
(C:\Users\shihao\AppData\Local\Programs\MiKTeX\tex/latex/algorithmicx\algpseudo
code.sty
(C:\Users\shihao\AppData\Local\Programs\MiKTeX\tex/latex/algorithmicx\algorithm
icx.sty
Document Style algorithmicx 1.2 - a greatly improved `algorithmic' style
)
Document Style - pseudocode environments for use with the `algorithmicx' style
) (C:\Users\shihao\AppData\Local\Programs\MiKTeX\tex/latex/tools\bm.sty)
(C:\Users\shihao\AppData\Local\Programs\MiKTeX\tex/latex/booktabs\booktabs.sty)
 (C:\Users\shihao\AppData\Local\Programs\MiKTeX\tex/latex/tools\enumerate.sty)
(C:\Users\shihao\AppData\Local\Programs\MiKTeX\tex/latex/caption\caption.sty
(C:\Users\shihao\AppData\Local\Programs\MiKTeX\tex/latex/caption\caption3.sty
(C:\Users\shihao\AppData\Local\Programs\MiKTeX\tex/latex/caption\caption-elsart
icle.sto)))
(C:\Users\shihao\AppData\Local\Programs\MiKTeX\tex/latex/txfonts\t1txr.fd)
(manuscript.aux)
(C:\Users\shihao\AppData\Local\Programs\MiKTeX\tex/latex/txfonts\omltxmi.fd)
(C:\Users\shihao\AppData\Local\Programs\MiKTeX\tex/latex/txfonts\omstxsy.fd)
(C:\Users\shihao\AppData\Local\Programs\MiKTeX\tex/latex/txfonts\omxtxex.fd)
(C:\Users\shihao\AppData\Local\Programs\MiKTeX\tex/latex/txfonts\utxexa.fd)
(C:\Users\shihao\AppData\Local\Programs\MiKTeX\tex/context/base/mkii\supp-pdf.m
kii
[Loading MPS to PDF converter (version 2006.09.02).]
)
(C:\Users\shihao\AppData\Local\Programs\MiKTeX\tex/latex/epstopdf-pkg\epstopdf-
base.sty
(C:\Users\shihao\AppData\Local\Programs\MiKTeX\tex/latex/00miktex\epstopdf-sys.
cfg))
Overfull \hbox (19.80003pt too wide) in paragraph at lines 158--158
\T1/txr/bx/n/10 Scatter-Regularized Cross-Multi-Kernel Con-trastive Learn-ing f
or One-Class Anomaly

Overfull \hbox (19.80003pt too wide) in paragraph at lines 163--163
\T1/txr/bx/n/10 Scatter-Regularized Cross-Multi-Kernel Con-trastive Learn-ing f
or One-Class Anomaly
(C:\Users\shihao\AppData\Local\Programs\MiKTeX\tex/latex/txfonts\ts1txr.fd)
(C:\Users\shihao\AppData\Local\Programs\MiKTeX\tex/latex/txfonts\ot1txr.fd)
(C:\Users\shihao\AppData\Local\Programs\MiKTeX\tex/latex/txfonts\utxmia.fd)
(C:\Users\shihao\AppData\Local\Programs\MiKTeX\tex/latex/amsfonts\umsa.fd)
(C:\Users\shihao\AppData\Local\Programs\MiKTeX\tex/latex/amsfonts\umsb.fd)
(C:\Users\shihao\AppData\Local\Programs\MiKTeX\tex/latex/txfonts\utxsyc.fd)
[1{C:/Users/shihao/AppData/Local/MiKTeX/fonts/map/pdftex/pdftex.map}{C:/Users/s
hihao/AppData/Local/Programs/MiKTeX/fonts/enc/dvips/base/8r.enc}] [2]

Package natbib Warning: Citation `chen2024coarse' on page 1 undefined on input 
line 190.


Package natbib Warning: Citation `xie2021network' on page 1 undefined on input 
line 190.


Package natbib Warning: Citation `du2025fraud' on page 1 undefined on input lin
e 191.

[1] [2] [3] [4] [5] [6] [7]
Overfull \hbox (1.6001pt too wide) in paragraph at lines 496--504
\T1/txr/m/n/10 supervised: geometric-transformation pre-dic-tion [[]] and its g
en-er-al-i-sa-tion to non-image
[8] [9] [10] [11]
Overfull \hbox (27.5888pt too wide) in paragraph at lines 716--721
\T1/txr/m/it/10 and equiv-a-lently to max-imis-ing the mean intra-class ker-nel
 align-ment $[] [][] [][] [] \OT1/txr/m/n/10 =

Overfull \hbox (23.0372pt too wide) in paragraph at lines 742--753
\OML/txmi/bx/it/10 H \OT1/txr/m/n/10 = \OML/txmi/m/it/10 N[]\OT1/txr/bx/n/10 1$
 \T1/txr/m/it/10 and a con-vex ker-nel com-bi-na-tion $\OML/txmi/bx/it/10 K[] \
OT1/txr/m/n/10 = [][] \OML/txmi/m/it/10 ^^Q[] \OT1/txr/m/n/10 ^^H[]^^H[]$\T1/tx
r/m/it/10 , where $\OT1/txr/m/n/10 ^^H[] = [\OML/txmi/bx/it/10 h[]\OML/txmi/m/i
t/10 ; [] ; \OML/txmi/bx/it/10 h[]\OT1/txr/m/n/10 ][]$
[12] [13] [14] [15] [16 <./fig_sphere_autos.pdf> <./fig_sphere_wbc.pdf>]
[17] [18] [19] [20 <./roc_figs/new/vertebral_ROC.pdf> <./roc_figs/new/thyroid_R
OC.pdf> <./roc_figs/new/ecoli_ROC.pdf> <./roc_figs/new/glass_ROC.pdf> <./roc_fi
gs/new/wbc_malignant_39_variant1_ROC.pdf> <./roc_figs/new/pageblocks_1_258_vari
ant1_ROC.pdf> <./roc_figs/new/wine_ROC.pdf> <./roc_figs/new/cardio_ROC.pdf> <./
roc_figs/new/cardiotocography_2and3_33_variant1_ROC.pdf> <./roc_figs/new/tic_ta
c_toe_negative_12_variant1_ROC.pdf> <./roc_figs/new/tic_tac_toe_negative_69_var
iant1_ROC.pdf> <./roc_figs/new/wpbc_variant1_ROC.pdf> <./roc_figs/new/ionospher
e_b_24_variant1_ROC.pdf> <./roc_figs/new/zoo_variant1_ROC.pdf> <./roc_figs/new/
sick_sick_72_variant1_ROC.pdf> <./roc_figs/new/autos_variant1_ROC.pdf> <./roc_f
igs/new/annealing_variant1_ROC.pdf> <./roc_figs/new/lymphography_ROC.pdf> <./ro
c_figs/new/bands_band_6_variant1_ROC.pdf> <./roc_figs/new/audiology_variant1_RO
C.pdf>] [21] [22] [23 <./fig_runtime.pdf> <./cd_diagram.pdf>] [24] [25 <./fig_s
ensitivity.pdf>] [26] [27] [28] [29]
Underfull \hbox (badness 2073) in paragraph at lines 1633--1637
[]\T1/txr/m/n/10 X. Chen, K. He, \T1/txr/m/it/10 Ex-plor-ing sim-ple Siamese re
p-re-sen-ta-tion learn-ing\T1/txr/m/n/10 , in:
[30]

Package natbib Warning: There were undefined citations.

[31] [32] [33] (manuscript.aux) )
(see the transcript file for additional information)<C:/Users/shihao/AppData/Lo
cal/Programs/MiKTeX/fonts/type1/public/amsfonts/symbols/msbm10.pfb><C:/Users/sh
ihao/AppData/Local/Programs/MiKTeX/fonts/type1/public/txfonts/rtcxr.pfb><C:/Use
rs/shihao/AppData/Local/Programs/MiKTeX/fonts/type1/public/txfonts/rtxbmi.pfb><
C:/Users/shihao/AppData/Local/Programs/MiKTeX/fonts/type1/public/txfonts/rtxi.p
fb><C:/Users/shihao/AppData/Local/Programs/MiKTeX/fonts/type1/public/txfonts/rt
xmi.pfb><C:/Users/shihao/AppData/Local/Programs/MiKTeX/fonts/type1/public/txfon
ts/rtxr.pfb><C:/Users/shihao/AppData/Local/Programs/MiKTeX/fonts/type1/public/t
xfonts/txex.pfb><C:/Users/shihao/AppData/Local/Programs/MiKTeX/fonts/type1/publ
ic/txfonts/txsy.pfb><C:/Users/shihao/AppData/Local/Programs/MiKTeX/fonts/type1/
public/txfonts/txsyc.pfb><C:/Users/shihao/AppData/Local/Programs/MiKTeX/fonts/t
ype1/urw/times/utmb8a.pfb><C:/Users/shihao/AppData/Local/Programs/MiKTeX/fonts/
type1/urw/times/utmbi8a.pfb><C:/Users/shihao/AppData/Local/Programs/MiKTeX/font
s/type1/urw/times/utmr8a.pfb><C:/Users/shihao/AppData/Local/Programs/MiKTeX/fon
ts/type1/urw/times/utmri8a.pfb>
Output written on manuscript.pdf (35 pages, 830055 bytes).
Transcript written on manuscript.log.
pdflatex: major issue: So far, you have not checked for MiKTeX updates.
Latexmk: Getting log file 'manuscript.log'
Latexmk: Examining 'manuscript.fls'
Latexmk: Examining 'manuscript.log'
Latexmk: Log file says output to 'manuscript.pdf'
Latexmk: Summary of warnings from last run of *latex:
  Latex failed to resolve 3 citation(s)
Latexmk: ====Problematic refs and citations with line #s in .tex file:
  Citation `chen2024coarse' on page 1 undefined on input line 190
  Citation `xie2021network' on page 1 undefined on input line 190
  Citation `du2025fraud' on page 1 undefined on input line 191
Latexmk: All targets (manuscript.pdf) are up-to-date

latexmk: major issue: So far, you have not checked for MiKTeX updates.
