This is pdfTeX, Version 3.141592653-2.6-1.40.29 (TeX Live 2026) (preloaded format=pdflatex 2026.3.31)  15 JUL 2026 22:18
entering extended mode
 restricted \write18 enabled.
 file:line:error style messages enabled.
 %&-line parsing enabled.
**d:/Microsoft/documents/博士课题/异常检测/论文/5/CMK_OCSVM_scatter_latex/elsarticle/manuscript
(d:/Microsoft/documents/博士课题/异常检测/论文/5/CMK_OCSVM_scatter_latex/elsarticle/manuscript.tex
LaTeX2e <2025-11-01>
L3 programming layer <2026-01-19>
(f:/Texlive/2026/texmf-dist/tex/latex/elsarticle/elsarticle.cls
Document Class: elsarticle 2026/01/09, 3.5: Elsevier Ltd
(f:/Texlive/2026/texmf-dist/tex/latex/base/fontenc.sty
Package: fontenc 2025/07/18 v2.1d Standard LaTeX package
) (f:/Texlive/2026/texmf-dist/tex/latex/l3kernel/expl3.sty
Package: expl3 2026-01-19 L3 programming layer (loader) 
 (f:/Texlive/2026/texmf-dist/tex/latex/l3backend/l3backend-pdftex.def
File: l3backend-pdftex.def 2025-10-09 L3 backend support: PDF output (pdfTeX)
\l__color_backend_stack_int=\count275
)) (f:/Texlive/2026/texmf-dist/tex/latex/l3packages/xparse/xparse.sty
Package: xparse 2025-10-09 L3 Experimental document command parser
) (f:/Texlive/2026/texmf-dist/tex/latex/etoolbox/etoolbox.sty
Package: etoolbox 2025/10/02 v2.5m e-TeX tools for LaTeX (JAW)
\etb@tempcnta=\count276
)
\@bls=\dimen148
 (f:/Texlive/2026/texmf-dist/tex/latex/base/article.cls
Document Class: article 2025/01/22 v1.4n Standard LaTeX document class
(f:/Texlive/2026/texmf-dist/tex/latex/base/size10.clo
File: size10.clo 2025/01/22 v1.4n Standard LaTeX file (size option)
)
\c@part=\count277
\c@section=\count278
\c@subsection=\count279
\c@subsubsection=\count280
\c@paragraph=\count281
\c@subparagraph=\count282
\c@figure=\count283
\c@table=\count284
\abovecaptionskip=\skip49
\belowcaptionskip=\skip50
\bibindent=\dimen149
) (f:/Texlive/2026/texmf-dist/tex/latex/graphics/graphicx.sty
Package: graphicx 2024/12/31 v1.2e Enhanced LaTeX Graphics (DPC,SPQR)
 (f:/Texlive/2026/texmf-dist/tex/latex/graphics/keyval.sty
Package: keyval 2022/05/29 v1.15 key=value parser (DPC)
\KV@toks@=\toks17
) (f:/Texlive/2026/texmf-dist/tex/latex/graphics/graphics.sty
Package: graphics 2024/08/06 v1.4g Standard LaTeX Graphics (DPC,SPQR)
 (f:/Texlive/2026/texmf-dist/tex/latex/graphics/trig.sty
Package: trig 2023/12/02 v1.11 sin cos tan (DPC)
) (f:/Texlive/2026/texmf-dist/tex/latex/graphics-cfg/graphics.cfg
File: graphics.cfg 2016/06/04 v1.11 sample graphics configuration
)
Package graphics Info: Driver file: pdftex.def on input line 106.
 (f:/Texlive/2026/texmf-dist/tex/latex/graphics-def/pdftex.def
File: pdftex.def 2025/09/29 v1.2d Graphics/color driver for pdftex
))
\Gin@req@height=\dimen150
\Gin@req@width=\dimen151
)
\c@tnote=\count285
\c@fnote=\count286
\c@cnote=\count287
\c@ead=\count288
\c@elsarticle@author=\count289
\@eadauthor=\toks18
\c@affn=\count290
\absbox=\box53
\elsarticlehighlightsbox=\box54
\elsarticlegrabsbox=\box55
\keybox=\box56
\Columnwidth=\dimen152
\space@left=\dimen153
\els@boxa=\box57
\els@boxb=\box58
\leftMargin=\dimen154
\@enLab=\toks19
\@sep=\skip51
\@@sep=\skip52
 (./manuscript.spl) (f:/Texlive/2026/texmf-dist/tex/latex/natbib/natbib.sty
Package: natbib 2010/09/13 8.31b (PWD, AO)
\bibhang=\skip53
\bibsep=\skip54
LaTeX Info: Redefining \cite on input line 694.
\c@NAT@ctr=\count291
)
\splwrite=\write3
\openout3 = `manuscript.spl'.

\appnamewidth=\dimen155
) (f:/Texlive/2026/texmf-dist/tex/latex/txfonts/txfonts.sty
Package: txfonts 2008/01/22 v3.2.1
LaTeX Font Info:    Redeclaring symbol font `operators' on input line 21.
LaTeX Font Info:    Overwriting symbol font `operators' in version `normal'
(Font)                  OT1/cmr/m/n --> OT1/txr/m/n on input line 21.
LaTeX Font Info:    Overwriting symbol font `operators' in version `bold'
(Font)                  OT1/cmr/bx/n --> OT1/txr/m/n on input line 21.
LaTeX Font Info:    Overwriting symbol font `operators' in version `bold'
(Font)                  OT1/txr/m/n --> OT1/txr/bx/n on input line 22.
\symitalic=\mathgroup4
LaTeX Font Info:    Overwriting symbol font `italic' in version `bold'
(Font)                  OT1/txr/m/it --> OT1/txr/bx/it on input line 26.
LaTeX Font Info:    Redeclaring math alphabet \mathbf on input line 29.
LaTeX Font Info:    Overwriting math alphabet `\mathbf' in version `normal'
(Font)                  OT1/cmr/bx/n --> OT1/txr/bx/n on input line 29.
LaTeX Font Info:    Overwriting math alphabet `\mathbf' in version `bold'
(Font)                  OT1/cmr/bx/n --> OT1/txr/bx/n on input line 29.
LaTeX Font Info:    Redeclaring math alphabet \mathit on input line 30.
LaTeX Font Info:    Overwriting math alphabet `\mathit' in version `normal'
(Font)                  OT1/cmr/m/it --> OT1/txr/m/it on input line 30.
LaTeX Font Info:    Overwriting math alphabet `\mathit' in version `bold'
(Font)                  OT1/cmr/bx/it --> OT1/txr/m/it on input line 30.
LaTeX Font Info:    Overwriting math alphabet `\mathit' in version `bold'
(Font)                  OT1/txr/m/it --> OT1/txr/bx/it on input line 31.
LaTeX Font Info:    Redeclaring math alphabet \mathsf on input line 40.
LaTeX Font Info:    Overwriting math alphabet `\mathsf' in version `normal'
(Font)                  OT1/cmss/m/n --> OT1/txss/m/n on input line 40.
LaTeX Font Info:    Overwriting math alphabet `\mathsf' in version `bold'
(Font)                  OT1/cmss/bx/n --> OT1/txss/m/n on input line 40.
LaTeX Font Info:    Overwriting math alphabet `\mathsf' in version `bold'
(Font)                  OT1/txss/m/n --> OT1/txss/b/n on input line 41.
LaTeX Font Info:    Redeclaring math alphabet \mathtt on input line 50.
LaTeX Font Info:    Overwriting math alphabet `\mathtt' in version `normal'
(Font)                  OT1/cmtt/m/n --> OT1/txtt/m/n on input line 50.
LaTeX Font Info:    Overwriting math alphabet `\mathtt' in version `bold'
(Font)                  OT1/cmtt/m/n --> OT1/txtt/m/n on input line 50.
LaTeX Font Info:    Overwriting math alphabet `\mathtt' in version `bold'
(Font)                  OT1/txtt/m/n --> OT1/txtt/b/n on input line 51.
LaTeX Font Info:    Redeclaring symbol font `letters' on input line 58.
LaTeX Font Info:    Overwriting symbol font `letters' in version `normal'
(Font)                  OML/cmm/m/it --> OML/txmi/m/it on input line 58.
LaTeX Font Info:    Overwriting symbol font `letters' in version `bold'
(Font)                  OML/cmm/b/it --> OML/txmi/m/it on input line 58.
LaTeX Font Info:    Overwriting symbol font `letters' in version `bold'
(Font)                  OML/txmi/m/it --> OML/txmi/bx/it on input line 59.
\symlettersA=\mathgroup5
LaTeX Font Info:    Overwriting symbol font `lettersA' in version `bold'
(Font)                  U/txmia/m/it --> U/txmia/bx/it on input line 67.
LaTeX Font Info:    Redeclaring symbol font `symbols' on input line 77.
LaTeX Font Info:    Overwriting symbol font `symbols' in version `normal'
(Font)                  OMS/cmsy/m/n --> OMS/txsy/m/n on input line 77.
LaTeX Font Info:    Overwriting symbol font `symbols' in version `bold'
(Font)                  OMS/cmsy/b/n --> OMS/txsy/m/n on input line 77.
LaTeX Font Info:    Overwriting symbol font `symbols' in version `bold'
(Font)                  OMS/txsy/m/n --> OMS/txsy/bx/n on input line 78.
\symAMSa=\mathgroup6
LaTeX Font Info:    Overwriting symbol font `AMSa' in version `bold'
(Font)                  U/txsya/m/n --> U/txsya/bx/n on input line 94.
\symAMSb=\mathgroup7
LaTeX Font Info:    Overwriting symbol font `AMSb' in version `bold'
(Font)                  U/txsyb/m/n --> U/txsyb/bx/n on input line 103.
\symsymbolsC=\mathgroup8
LaTeX Font Info:    Overwriting symbol font `symbolsC' in version `bold'
(Font)                  U/txsyc/m/n --> U/txsyc/bx/n on input line 113.
LaTeX Font Info:    Redeclaring symbol font `largesymbols' on input line 120.
LaTeX Font Info:    Overwriting symbol font `largesymbols' in version `normal'
(Font)                  OMX/cmex/m/n --> OMX/txex/m/n on input line 120.
LaTeX Font Info:    Overwriting symbol font `largesymbols' in version `bold'
(Font)                  OMX/cmex/m/n --> OMX/txex/m/n on input line 120.
LaTeX Font Info:    Overwriting symbol font `largesymbols' in version `bold'
(Font)                  OMX/txex/m/n --> OMX/txex/bx/n on input line 121.
\symlargesymbolsA=\mathgroup9
LaTeX Font Info:    Overwriting symbol font `largesymbolsA' in version `bold'
(Font)                  U/txexa/m/n --> U/txexa/bx/n on input line 129.
LaTeX Encoding Info:    Redeclaring text symbol \L (encoding OT1) on input line 160.
LaTeX Encoding Info:    Redeclaring text symbol \l (encoding OT1) on input line 161.
LaTeX Font Info:    Redeclaring math symbol \mathsterling on input line 164.
LaTeX Font Info:    Redeclaring math symbol \hbar on input line 591.
LaTeX Info: Redefining \not on input line 1043.
) (f:/Texlive/2026/texmf-dist/tex/latex/amsfonts/amssymb.sty
Package: amssymb 2013/01/14 v3.01 AMS font symbols
 (f:/Texlive/2026/texmf-dist/tex/latex/amsfonts/amsfonts.sty
Package: amsfonts 2013/01/14 v3.01 Basic AMSFonts support
\@emptytoks=\toks20
LaTeX Font Info:    Redeclaring symbol font `AMSa' on input line 59.
LaTeX Font Info:    Overwriting symbol font `AMSa' in version `normal'
(Font)                  U/txsya/m/n --> U/msa/m/n on input line 59.
LaTeX Font Info:    Overwriting symbol font `AMSa' in version `bold'
(Font)                  U/txsya/bx/n --> U/msa/m/n on input line 59.
LaTeX Font Info:    Redeclaring symbol font `AMSb' on input line 60.
LaTeX Font Info:    Overwriting symbol font `AMSb' in version `normal'
(Font)                  U/txsyb/m/n --> U/msb/m/n on input line 60.
LaTeX Font Info:    Overwriting symbol font `AMSb' in version `bold'
(Font)                  U/txsyb/bx/n --> U/msb/m/n on input line 60.
LaTeX Font Info:    Redeclaring math delimiter \ulcorner on input line 74.
LaTeX Font Info:    Redeclaring math delimiter \urcorner on input line 75.
LaTeX Font Info:    Redeclaring math delimiter \llcorner on input line 76.
LaTeX Font Info:    Redeclaring math delimiter \lrcorner on input line 77.
LaTeX Font Info:    Redeclaring math symbol \square on input line 141.
LaTeX Font Info:    Redeclaring math symbol \lozenge on input line 142.
)
LaTeX Font Info:    Redeclaring math symbol \boxdot on input line 44.
LaTeX Font Info:    Redeclaring math symbol \boxplus on input line 45.
LaTeX Font Info:    Redeclaring math symbol \boxtimes on input line 46.
LaTeX Font Info:    Redeclaring math symbol \blacksquare on input line 48.
LaTeX Font Info:    Redeclaring math symbol \centerdot on input line 49.
LaTeX Font Info:    Redeclaring math symbol \blacklozenge on input line 51.
LaTeX Font Info:    Redeclaring math symbol \circlearrowright on input line 52.
LaTeX Font Info:    Redeclaring math symbol \circlearrowleft on input line 53.
LaTeX Font Info:    Redeclaring math symbol \leftrightharpoons on input line 56.
LaTeX Font Info:    Redeclaring math symbol \boxminus on input line 57.
LaTeX Font Info:    Redeclaring math symbol \Vdash on input line 58.
LaTeX Font Info:    Redeclaring math symbol \Vvdash on input line 59.
LaTeX Font Info:    Redeclaring math symbol \vDash on input line 60.
LaTeX Font Info:    Redeclaring math symbol \twoheadrightarrow on input line 61.
LaTeX Font Info:    Redeclaring math symbol \twoheadleftarrow on input line 62.
LaTeX Font Info:    Redeclaring math symbol \leftleftarrows on input line 63.
LaTeX Font Info:    Redeclaring math symbol \rightrightarrows on input line 64.
LaTeX Font Info:    Redeclaring math symbol \upuparrows on input line 65.
LaTeX Font Info:    Redeclaring math symbol \downdownarrows on input line 66.
LaTeX Font Info:    Redeclaring math symbol \upharpoonright on input line 67.
LaTeX Font Info:    Redeclaring math symbol \downharpoonright on input line 69.
LaTeX Font Info:    Redeclaring math symbol \upharpoonleft on input line 70.
LaTeX Font Info:    Redeclaring math symbol \downharpoonleft on input line 71.
LaTeX Font Info:    Redeclaring math symbol \rightarrowtail on input line 72.
LaTeX Font Info:    Redeclaring math symbol \leftarrowtail on input line 73.
LaTeX Font Info:    Redeclaring math symbol \leftrightarrows on input line 74.
LaTeX Font Info:    Redeclaring math symbol \rightleftarrows on input line 75.
LaTeX Font Info:    Redeclaring math symbol \Lsh on input line 76.
LaTeX Font Info:    Redeclaring math symbol \Rsh on input line 77.
LaTeX Font Info:    Redeclaring math symbol \leftrightsquigarrow on input line 79.
LaTeX Font Info:    Redeclaring math symbol \looparrowleft on input line 80.
LaTeX Font Info:    Redeclaring math symbol \looparrowright on input line 81.
LaTeX Font Info:    Redeclaring math symbol \circeq on input line 82.
LaTeX Font Info:    Redeclaring math symbol \succsim on input line 83.
LaTeX Font Info:    Redeclaring math symbol \gtrsim on input line 84.
LaTeX Font Info:    Redeclaring math symbol \gtrapprox on input line 85.
LaTeX Font Info:    Redeclaring math symbol \multimap on input line 86.
LaTeX Font Info:    Redeclaring math symbol \therefore on input line 87.
LaTeX Font Info:    Redeclaring math symbol \because on input line 88.
LaTeX Font Info:    Redeclaring math symbol \doteqdot on input line 89.
LaTeX Font Info:    Redeclaring math symbol \triangleq on input line 91.
LaTeX Font Info:    Redeclaring math symbol \precsim on input line 92.
LaTeX Font Info:    Redeclaring math symbol \lesssim on input line 93.
LaTeX Font Info:    Redeclaring math symbol \lessapprox on input line 94.
LaTeX Font Info:    Redeclaring math symbol \eqslantless on input line 95.
LaTeX Font Info:    Redeclaring math symbol \eqslantgtr on input line 96.
LaTeX Font Info:    Redeclaring math symbol \curlyeqprec on input line 97.
LaTeX Font Info:    Redeclaring math symbol \curlyeqsucc on input line 98.
LaTeX Font Info:    Redeclaring math symbol \preccurlyeq on input line 99.
LaTeX Font Info:    Redeclaring math symbol \leqq on input line 100.
LaTeX Font Info:    Redeclaring math symbol \leqslant on input line 101.
LaTeX Font Info:    Redeclaring math symbol \lessgtr on input line 102.
LaTeX Font Info:    Redeclaring math symbol \backprime on input line 103.
LaTeX Font Info:    Redeclaring math symbol \risingdotseq on input line 104.
LaTeX Font Info:    Redeclaring math symbol \fallingdotseq on input line 105.
LaTeX Font Info:    Redeclaring math symbol \succcurlyeq on input line 106.
LaTeX Font Info:    Redeclaring math symbol \geqq on input line 107.
LaTeX Font Info:    Redeclaring math symbol \geqslant on input line 108.
LaTeX Font Info:    Redeclaring math symbol \gtrless on input line 109.
LaTeX Font Info:    Redeclaring math symbol \bigstar on input line 117.
LaTeX Font Info:    Redeclaring math symbol \between on input line 118.
LaTeX Font Info:    Redeclaring math symbol \blacktriangledown on input line 119.
LaTeX Font Info:    Redeclaring math symbol \blacktriangleright on input line 120.
LaTeX Font Info:    Redeclaring math symbol \blacktriangleleft on input line 121.
LaTeX Font Info:    Redeclaring math symbol \vartriangle on input line 122.
LaTeX Font Info:    Redeclaring math symbol \blacktriangle on input line 123.
LaTeX Font Info:    Redeclaring math symbol \triangledown on input line 124.
LaTeX Font Info:    Redeclaring math symbol \eqcirc on input line 125.
LaTeX Font Info:    Redeclaring math symbol \lesseqgtr on input line 126.
LaTeX Font Info:    Redeclaring math symbol \gtreqless on input line 127.
LaTeX Font Info:    Redeclaring math symbol \lesseqqgtr on input line 128.
LaTeX Font Info:    Redeclaring math symbol \gtreqqless on input line 129.
LaTeX Font Info:    Redeclaring math symbol \Rrightarrow on input line 130.
LaTeX Font Info:    Redeclaring math symbol \Lleftarrow on input line 131.
LaTeX Font Info:    Redeclaring math symbol \veebar on input line 132.
LaTeX Font Info:    Redeclaring math symbol \barwedge on input line 133.
LaTeX Font Info:    Redeclaring math symbol \doublebarwedge on input line 134.
LaTeX Font Info:    Redeclaring math symbol \measuredangle on input line 137.
LaTeX Font Info:    Redeclaring math symbol \sphericalangle on input line 138.
LaTeX Font Info:    Redeclaring math symbol \varpropto on input line 139.
LaTeX Font Info:    Redeclaring math symbol \smallsmile on input line 140.
LaTeX Font Info:    Redeclaring math symbol \smallfrown on input line 141.
LaTeX Font Info:    Redeclaring math symbol \Subset on input line 142.
LaTeX Font Info:    Redeclaring math symbol \Supset on input line 143.
LaTeX Font Info:    Redeclaring math symbol \Cup on input line 144.
LaTeX Font Info:    Redeclaring math symbol \Cap on input line 146.
LaTeX Font Info:    Redeclaring math symbol \curlywedge on input line 148.
LaTeX Font Info:    Redeclaring math symbol \curlyvee on input line 149.
LaTeX Font Info:    Redeclaring math symbol \leftthreetimes on input line 150.
LaTeX Font Info:    Redeclaring math symbol \rightthreetimes on input line 151.
LaTeX Font Info:    Redeclaring math symbol \subseteqq on input line 152.
LaTeX Font Info:    Redeclaring math symbol \supseteqq on input line 153.
LaTeX Font Info:    Redeclaring math symbol \bumpeq on input line 154.
LaTeX Font Info:    Redeclaring math symbol \Bumpeq on input line 155.
LaTeX Font Info:    Redeclaring math symbol \lll on input line 156.
LaTeX Font Info:    Redeclaring math symbol \ggg on input line 158.
LaTeX Font Info:    Redeclaring math symbol \circledS on input line 160.
LaTeX Font Info:    Redeclaring math symbol \pitchfork on input line 161.
LaTeX Font Info:    Redeclaring math symbol \dotplus on input line 162.
LaTeX Font Info:    Redeclaring math symbol \backsim on input line 163.
LaTeX Font Info:    Redeclaring math symbol \backsimeq on input line 164.
LaTeX Font Info:    Redeclaring math symbol \complement on input line 165.
LaTeX Font Info:    Redeclaring math symbol \intercal on input line 166.
LaTeX Font Info:    Redeclaring math symbol \circledcirc on input line 167.
LaTeX Font Info:    Redeclaring math symbol \circledast on input line 168.
LaTeX Font Info:    Redeclaring math symbol \circleddash on input line 169.
LaTeX Font Info:    Redeclaring math symbol \lvertneqq on input line 171.
LaTeX Font Info:    Redeclaring math symbol \gvertneqq on input line 172.
LaTeX Font Info:    Redeclaring math symbol \nleq on input line 173.
LaTeX Font Info:    Redeclaring math symbol \ngeq on input line 174.
LaTeX Font Info:    Redeclaring math symbol \nless on input line 175.
LaTeX Font Info:    Redeclaring math symbol \ngtr on input line 176.
LaTeX Font Info:    Redeclaring math symbol \nprec on input line 177.
LaTeX Font Info:    Redeclaring math symbol \nsucc on input line 178.
LaTeX Font Info:    Redeclaring math symbol \lneqq on input line 179.
LaTeX Font Info:    Redeclaring math symbol \gneqq on input line 180.
LaTeX Font Info:    Redeclaring math symbol \nleqslant on input line 181.
LaTeX Font Info:    Redeclaring math symbol \ngeqslant on input line 182.
LaTeX Font Info:    Redeclaring math symbol \lneq on input line 183.
LaTeX Font Info:    Redeclaring math symbol \gneq on input line 184.
LaTeX Font Info:    Redeclaring math symbol \npreceq on input line 185.
LaTeX Font Info:    Redeclaring math symbol \nsucceq on input line 186.
LaTeX Font Info:    Redeclaring math symbol \precnsim on input line 187.
LaTeX Font Info:    Redeclaring math symbol \succnsim on input line 188.
LaTeX Font Info:    Redeclaring math symbol \lnsim on input line 189.
LaTeX Font Info:    Redeclaring math symbol \gnsim on input line 190.
LaTeX Font Info:    Redeclaring math symbol \nleqq on input line 191.
LaTeX Font Info:    Redeclaring math symbol \ngeqq on input line 192.
LaTeX Font Info:    Redeclaring math symbol \precneqq on input line 193.
LaTeX Font Info:    Redeclaring math symbol \succneqq on input line 194.
LaTeX Font Info:    Redeclaring math symbol \precnapprox on input line 195.
LaTeX Font Info:    Redeclaring math symbol \succnapprox on input line 196.
LaTeX Font Info:    Redeclaring math symbol \lnapprox on input line 197.
LaTeX Font Info:    Redeclaring math symbol \gnapprox on input line 198.
LaTeX Font Info:    Redeclaring math symbol \nsim on input line 199.
LaTeX Font Info:    Redeclaring math symbol \ncong on input line 200.
LaTeX Font Info:    Redeclaring math symbol \diagup on input line 201.
LaTeX Font Info:    Redeclaring math symbol \diagdown on input line 202.
LaTeX Font Info:    Redeclaring math symbol \varsubsetneq on input line 203.
LaTeX Font Info:    Redeclaring math symbol \varsupsetneq on input line 204.
LaTeX Font Info:    Redeclaring math symbol \nsubseteqq on input line 205.
LaTeX Font Info:    Redeclaring math symbol \nsupseteqq on input line 206.
LaTeX Font Info:    Redeclaring math symbol \subsetneqq on input line 207.
LaTeX Font Info:    Redeclaring math symbol \supsetneqq on input line 208.
LaTeX Font Info:    Redeclaring math symbol \varsubsetneqq on input line 209.
LaTeX Font Info:    Redeclaring math symbol \varsupsetneqq on input line 210.
LaTeX Font Info:    Redeclaring math symbol \subsetneq on input line 211.
LaTeX Font Info:    Redeclaring math symbol \supsetneq on input line 212.
LaTeX Font Info:    Redeclaring math symbol \nsubseteq on input line 213.
LaTeX Font Info:    Redeclaring math symbol \nsupseteq on input line 214.
LaTeX Font Info:    Redeclaring math symbol \nparallel on input line 215.
LaTeX Font Info:    Redeclaring math symbol \nmid on input line 216.
LaTeX Font Info:    Redeclaring math symbol \nshortmid on input line 217.
LaTeX Font Info:    Redeclaring math symbol \nshortparallel on input line 218.
LaTeX Font Info:    Redeclaring math symbol \nvdash on input line 219.
LaTeX Font Info:    Redeclaring math symbol \nVdash on input line 220.
LaTeX Font Info:    Redeclaring math symbol \nvDash on input line 221.
LaTeX Font Info:    Redeclaring math symbol \nVDash on input line 222.
LaTeX Font Info:    Redeclaring math symbol \ntrianglerighteq on input line 223.
LaTeX Font Info:    Redeclaring math symbol \ntrianglelefteq on input line 224.
LaTeX Font Info:    Redeclaring math symbol \ntriangleleft on input line 225.
LaTeX Font Info:    Redeclaring math symbol \ntriangleright on input line 226.
LaTeX Font Info:    Redeclaring math symbol \nleftarrow on input line 227.
LaTeX Font Info:    Redeclaring math symbol \nrightarrow on input line 228.
LaTeX Font Info:    Redeclaring math symbol \nLeftarrow on input line 229.
LaTeX Font Info:    Redeclaring math symbol \nRightarrow on input line 230.
LaTeX Font Info:    Redeclaring math symbol \nLeftrightarrow on input line 231.
LaTeX Font Info:    Redeclaring math symbol \nleftrightarrow on input line 232.
LaTeX Font Info:    Redeclaring math symbol \divideontimes on input line 233.
LaTeX Font Info:    Redeclaring math symbol \varnothing on input line 234.
LaTeX Font Info:    Redeclaring math symbol \nexists on input line 235.
LaTeX Font Info:    Redeclaring math symbol \Finv on input line 236.
LaTeX Font Info:    Redeclaring math symbol \Game on input line 237.
LaTeX Font Info:    Redeclaring math symbol \eth on input line 240.
LaTeX Font Info:    Redeclaring math symbol \eqsim on input line 241.
LaTeX Font Info:    Redeclaring math symbol \beth on input line 242.
LaTeX Font Info:    Redeclaring math symbol \gimel on input line 243.
LaTeX Font Info:    Redeclaring math symbol \daleth on input line 244.
LaTeX Font Info:    Redeclaring math symbol \lessdot on input line 245.
LaTeX Font Info:    Redeclaring math symbol \gtrdot on input line 246.
LaTeX Font Info:    Redeclaring math symbol \ltimes on input line 247.
LaTeX Font Info:    Redeclaring math symbol \rtimes on input line 248.
LaTeX Font Info:    Redeclaring math symbol \shortmid on input line 249.
LaTeX Font Info:    Redeclaring math symbol \shortparallel on input line 250.
LaTeX Font Info:    Redeclaring math symbol \smallsetminus on input line 251.
LaTeX Font Info:    Redeclaring math symbol \thicksim on input line 252.
LaTeX Font Info:    Redeclaring math symbol \thickapprox on input line 253.
LaTeX Font Info:    Redeclaring math symbol \approxeq on input line 254.
LaTeX Font Info:    Redeclaring math symbol \succapprox on input line 255.
LaTeX Font Info:    Redeclaring math symbol \precapprox on input line 256.
LaTeX Font Info:    Redeclaring math symbol \curvearrowleft on input line 257.
LaTeX Font Info:    Redeclaring math symbol \curvearrowright on input line 258.
LaTeX Font Info:    Redeclaring math symbol \digamma on input line 259.
LaTeX Font Info:    Redeclaring math symbol \varkappa on input line 260.
LaTeX Font Info:    Redeclaring math symbol \Bbbk on input line 261.
LaTeX Font Info:    Redeclaring math symbol \hslash on input line 262.
LaTeX Font Info:    Redeclaring math symbol \backepsilon on input line 265.
) (f:/Texlive/2026/texmf-dist/tex/latex/amsmath/amsmath.sty
Package: amsmath 2025/07/09 v2.17z AMS math features
\@mathmargin=\skip55

For additional information on amsmath, use the `?' option.
(f:/Texlive/2026/texmf-dist/tex/latex/amsmath/amstext.sty
Package: amstext 2024/11/17 v2.01 AMS text
 (f:/Texlive/2026/texmf-dist/tex/latex/amsmath/amsgen.sty
File: amsgen.sty 1999/11/30 v2.0 generic functions
\@emptytoks=\toks21
\ex@=\dimen156
)) (f:/Texlive/2026/texmf-dist/tex/latex/amsmath/amsbsy.sty
Package: amsbsy 1999/11/29 v1.2d Bold Symbols
\pmbraise@=\dimen157
) (f:/Texlive/2026/texmf-dist/tex/latex/amsmath/amsopn.sty
Package: amsopn 2022/04/08 v2.04 operator names
)
\inf@bad=\count292
LaTeX Info: Redefining \frac on input line 233.
\uproot@=\count293
\leftroot@=\count294
LaTeX Info: Redefining \overline on input line 398.
LaTeX Info: Redefining \colon on input line 409.
\classnum@=\count295
\DOTSCASE@=\count296
LaTeX Info: Redefining \ldots on input line 495.
LaTeX Info: Redefining \dots on input line 498.
LaTeX Info: Redefining \cdots on input line 619.
\Mathstrutbox@=\box59
\strutbox@=\box60
LaTeX Info: Redefining \big on input line 721.
LaTeX Info: Redefining \Big on input line 722.
LaTeX Info: Redefining \bigg on input line 723.
LaTeX Info: Redefining \Bigg on input line 724.
\big@size=\dimen158
LaTeX Font Info:    Redeclaring font encoding OML on input line 742.
LaTeX Font Info:    Redeclaring font encoding OMS on input line 743.
\macc@depth=\count297
LaTeX Info: Redefining \bmod on input line 904.
LaTeX Info: Redefining \pmod on input line 909.
LaTeX Info: Redefining \smash on input line 939.
LaTeX Info: Redefining \relbar on input line 969.
LaTeX Info: Redefining \Relbar on input line 970.
\c@MaxMatrixCols=\count298
\dotsspace@=\muskip17
\c@parentequation=\count299
\dspbrk@lvl=\count300
\tag@help=\toks22
\row@=\count301
\column@=\count302
\maxfields@=\count303
\andhelp@=\toks23
\eqnshift@=\dimen159
\alignsep@=\dimen160
\tagshift@=\dimen161
\tagwidth@=\dimen162
\totwidth@=\dimen163
\lineht@=\dimen164
\@envbody=\toks24
\multlinegap=\skip56
\multlinetaggap=\skip57
\mathdisplay@stack=\toks25
LaTeX Info: Redefining \[ on input line 2950.
LaTeX Info: Redefining \] on input line 2951.
) (f:/Texlive/2026/texmf-dist/tex/latex/amscls/amsthm.sty
Package: amsthm 2020/05/29 v2.20.6
\thm@style=\toks26
\thm@bodyfont=\toks27
\thm@headfont=\toks28
\thm@notefont=\toks29
\thm@headpunct=\toks30
\thm@preskip=\skip58
\thm@postskip=\skip59
\thm@headsep=\skip60
\dth@everypar=\toks31
LaTeX Info: Redefining \qed on input line 273.
LaTeX Info: Redefining \textsquare on input line 427.
) (f:/Texlive/2026/texmf-dist/tex/latex/algorithms/algorithm.sty
Package: algorithm 2009/08/24 v0.1 Document Style `algorithm' - floating environment
 (f:/Texlive/2026/texmf-dist/tex/latex/float/float.sty
Package: float 2001/11/08 v1.3d Float enhancements (AL)
\c@float@type=\count304
\float@exts=\toks32
\float@box=\box61
\@float@everytoks=\toks33
\@floatcapt=\box62
) (f:/Texlive/2026/texmf-dist/tex/latex/base/ifthen.sty
Package: ifthen 2024/03/16 v1.1e Standard LaTeX ifthen package (DPC)
)
\@float@every@algorithm=\toks34
\c@algorithm=\count305
) (f:/Texlive/2026/texmf-dist/tex/latex/algorithmicx/algpseudocode.sty
Package: algpseudocode 
 (f:/Texlive/2026/texmf-dist/tex/latex/algorithmicx/algorithmicx.sty
Package: algorithmicx 2005/04/27 v1.2 Algorithmicx

Document Style algorithmicx 1.2 - a greatly improved `algorithmic' style
\c@ALG@line=\count306
\c@ALG@rem=\count307
\c@ALG@nested=\count308
\ALG@tlm=\skip61
\ALG@thistlm=\skip62
\c@ALG@Lnr=\count309
\c@ALG@blocknr=\count310
\c@ALG@storecount=\count311
\c@ALG@tmpcounter=\count312
\ALG@tmplength=\skip63
)
Document Style - pseudocode environments for use with the `algorithmicx' style
) (f:/Texlive/2026/texmf-dist/tex/latex/tools/bm.sty
Package: bm 2025/10/21 v1.2g Bold Symbol Support (DPC/FMi)
\symboldoperators=\mathgroup10
\symboldletters=\mathgroup11
\symboldsymbols=\mathgroup12
\symboldlargesymbols=\mathgroup13
Package bm Info: No bold for \U/msa/m/n, using \pmb.
Package bm Info: No bold for \U/msb/m/n, using \pmb.
LaTeX Font Info:    Redeclaring math alphabet \mathbf on input line 149.
) (f:/Texlive/2026/texmf-dist/tex/latex/booktabs/booktabs.sty
Package: booktabs 2020/01/12 v1.61803398 Publication quality tables
\heavyrulewidth=\dimen165
\lightrulewidth=\dimen166
\cmidrulewidth=\dimen167
\belowrulesep=\dimen168
\belowbottomsep=\dimen169
\aboverulesep=\dimen170
\abovetopsep=\dimen171
\cmidrulesep=\dimen172
\cmidrulekern=\dimen173
\defaultaddspace=\dimen174
\@cmidla=\count313
\@cmidlb=\count314
\@aboverulesep=\dimen175
\@belowrulesep=\dimen176
\@thisruleclass=\count315
\@lastruleclass=\count316
\@thisrulewidth=\dimen177
) (f:/Texlive/2026/texmf-dist/tex/latex/tools/enumerate.sty
Package: enumerate 2023/07/04 v3.00 enumerate extensions (DPC)
\@enLab=\toks35
) (f:/Texlive/2026/texmf-dist/tex/latex/caption/caption.sty
Package: caption 2023/08/05 v3.6o Customizing captions (AR)
 (f:/Texlive/2026/texmf-dist/tex/latex/caption/caption3.sty
Package: caption3 2023/07/31 v2.4d caption3 kernel (AR)
\caption@tempdima=\dimen178
\captionmargin=\dimen179
\caption@leftmargin=\dimen180
\caption@rightmargin=\dimen181
\caption@width=\dimen182
\caption@indent=\dimen183
\caption@parindent=\dimen184
\caption@hangindent=\dimen185
Package caption Info: elsarticle document class detected.
 (f:/Texlive/2026/texmf-dist/tex/latex/caption/caption-elsarticle.sto
File: caption-elsarticle.sto 2020/08/22 v2.0 Adaption of the caption package to the elsarticle document class (AR)
))
\c@caption@flags=\count317
\c@continuedfloat=\count318
Package caption Info: float package is loaded.
)
\c@proposition=\count319
\c@remark=\count320
LaTeX Font Info:    Trying to load font information for T1+txr on input line 51.
 (f:/Texlive/2026/texmf-dist/tex/latex/txfonts/t1txr.fd
File: t1txr.fd 2000/12/15 v3.1
) (./manuscript.aux)
\openout1 = `manuscript.aux'.

LaTeX Font Info:    Checking defaults for OML/txmi/m/it on input line 51.
LaTeX Font Info:    Trying to load font information for OML+txmi on input line 51.
 (f:/Texlive/2026/texmf-dist/tex/latex/txfonts/omltxmi.fd
File: omltxmi.fd 2000/12/15 v3.1
)
LaTeX Font Info:    ... okay on input line 51.
LaTeX Font Info:    Checking defaults for OMS/txsy/m/n on input line 51.
LaTeX Font Info:    Trying to load font information for OMS+txsy on input line 51.
 (f:/Texlive/2026/texmf-dist/tex/latex/txfonts/omstxsy.fd
File: omstxsy.fd 2000/12/15 v3.1
)
LaTeX Font Info:    ... okay on input line 51.
LaTeX Font Info:    Checking defaults for OT1/cmr/m/n on input line 51.
LaTeX Font Info:    ... okay on input line 51.
LaTeX Font Info:    Checking defaults for T1/cmr/m/n on input line 51.
LaTeX Font Info:    ... okay on input line 51.
LaTeX Font Info:    Checking defaults for TS1/cmr/m/n on input line 51.
LaTeX Font Info:    ... okay on input line 51.
LaTeX Font Info:    Checking defaults for OMX/txex/m/n on input line 51.
LaTeX Font Info:    Trying to load font information for OMX+txex on input line 51.
 (f:/Texlive/2026/texmf-dist/tex/latex/txfonts/omxtxex.fd
File: omxtxex.fd 2000/12/15 v3.1
)
LaTeX Font Info:    ... okay on input line 51.
LaTeX Font Info:    Checking defaults for U/txexa/m/n on input line 51.
LaTeX Font Info:    Trying to load font information for U+txexa on input line 51.
 (f:/Texlive/2026/texmf-dist/tex/latex/txfonts/utxexa.fd
File: utxexa.fd 2000/12/15 v3.1
)
LaTeX Font Info:    ... okay on input line 51.
 (f:/Texlive/2026/texmf-dist/tex/context/base/mkii/supp-pdf.mkii
[Loading MPS to PDF converter (version 2006.09.02).]
\scratchcounter=\count321
\scratchdimen=\dimen186
\scratchbox=\box63
\nofMPsegments=\count322
\nofMParguments=\count323
\everyMPshowfont=\toks36
\MPscratchCnt=\count324
\MPscratchDim=\dimen187
\MPnumerator=\count325
\makeMPintoPDFobject=\count326
\everyMPtoPDFconversion=\toks37
) (f:/Texlive/2026/texmf-dist/tex/latex/epstopdf-pkg/epstopdf-base.sty
Package: epstopdf-base 2020-01-24 v2.11 Base part for package epstopdf
Package epstopdf-base Info: Redefining graphics rule for `.eps' on input line 485.
 (f:/Texlive/2026/texmf-dist/tex/latex/latexconfig/epstopdf-sys.cfg
File: epstopdf-sys.cfg 2010/07/13 v1.3 Configuration of (r)epstopdf for TeX Live
))
LaTeX Encoding Info:    Redeclaring text command \k (encoding T1) on input line 51.
Package caption Info: Begin \AtBeginDocument code.
Package caption Info: End \AtBeginDocument code.
LaTeX Font Info:    Font shape `T1/txr/b/n' in size <10> not available
(Font)              Font shape `T1/txr/bx/n' tried instead on input line 75.

Overfull \hbox (19.80003pt too wide) in paragraph at lines 158--158
\T1/txr/bx/n/10 Scatter-Regularized Cross-Multi-Kernel Con-trastive Learn-ing for One-Class Anomaly
 []


Overfull \hbox (19.80003pt too wide) in paragraph at lines 163--163
\T1/txr/bx/n/10 Scatter-Regularized Cross-Multi-Kernel Con-trastive Learn-ing for One-Class Anomaly
 []

LaTeX Font Info:    Trying to load font information for TS1+txr on input line 164.
(f:/Texlive/2026/texmf-dist/tex/latex/txfonts/ts1txr.fd
File: ts1txr.fd 2000/12/15 v3.1
)
LaTeX Font Info:    Trying to load font information for OT1+txr on input line 167.
 (f:/Texlive/2026/texmf-dist/tex/latex/txfonts/ot1txr.fd
File: ot1txr.fd 2000/12/15 v3.1
)
LaTeX Font Info:    Trying to load font information for U+txmia on input line 167.
 (f:/Texlive/2026/texmf-dist/tex/latex/txfonts/utxmia.fd
File: utxmia.fd 2000/12/15 v3.1
)
LaTeX Font Info:    Trying to load font information for U+msa on input line 167.
 (f:/Texlive/2026/texmf-dist/tex/latex/amsfonts/umsa.fd
File: umsa.fd 2013/01/14 v3.01 AMS symbols A
)
LaTeX Font Info:    Trying to load font information for U+msb on input line 167.
 (f:/Texlive/2026/texmf-dist/tex/latex/amsfonts/umsb.fd
File: umsb.fd 2013/01/14 v3.01 AMS symbols B
)
LaTeX Font Info:    Trying to load font information for U+txsyc on input line 167.
 (f:/Texlive/2026/texmf-dist/tex/latex/txfonts/utxsyc.fd
File: utxsyc.fd 2000/12/15 v3.1
) [1

{f:/Texlive/2026/texmf-var/fonts/map/pdftex/updmap/pdftex.map}{f:/Texlive/2026/texmf-dist/fonts/enc/dvips/base/8r.enc}] [2

]

Package natbib Warning: Citation `chen2024coarse' on page 1 undefined on input line 190.


Package natbib Warning: Citation `xie2021network' on page 1 undefined on input line 190.


Package natbib Warning: Citation `du2025fraud' on page 1 undefined on input line 191.

[1


] [2] [3] [4] [5] [6] [7]
Overfull \hbox (1.6001pt too wide) in paragraph at lines 496--504
\T1/txr/m/n/10 supervised: geometric-transformation pre-dic-tion [[]] and its gen-er-al-i-sa-tion to non-image
 []

[8] [9] [10] [11]
Overfull \hbox (27.5888pt too wide) in paragraph at lines 716--721
\T1/txr/m/it/10 and equiv-a-lently to max-imis-ing the mean intra-class ker-nel align-ment $[] [][] [][] [] \OT1/txr/m/n/10 =
 []


Overfull \hbox (23.0372pt too wide) in paragraph at lines 742--753
\OML/txmi/bx/it/10 H \OT1/txr/m/n/10 = \OML/txmi/m/it/10 N[]\OT1/txr/bx/n/10 1$ \T1/txr/m/it/10 and a con-vex ker-nel com-bi-na-tion $\OML/txmi/bx/it/10 K[] \OT1/txr/m/n/10 = [][] \OML/txmi/m/it/10 ^^Q[] \OT1/txr/m/n/10 ^^H[]^^H[]$\T1/txr/m/it/10 , where $\OT1/txr/m/n/10 ^^H[] = [\OML/txmi/bx/it/10 h[]\OML/txmi/m/it/10 ; [] ; \OML/txmi/bx/it/10 h[]\OT1/txr/m/n/10 ][]$
 []

[12] [13] [14]
<fig_sphere_autos.pdf, id=66, 541.7359pt x 505.89pt>
File: fig_sphere_autos.pdf Graphic file (type pdf)
<use fig_sphere_autos.pdf>
Package pdftex.def Info: fig_sphere_autos.pdf  used on input line 865.
(pdftex.def)             Requested size: 169.0519pt x 157.85864pt.
<fig_sphere_wbc.pdf, id=67, 541.7359pt x 505.89pt>
File: fig_sphere_wbc.pdf Graphic file (type pdf)
<use fig_sphere_wbc.pdf>
Package pdftex.def Info: fig_sphere_wbc.pdf  used on input line 869.
(pdftex.def)             Requested size: 169.0519pt x 157.85864pt.
LaTeX Font Info:    Font shape `T1/txr/b/n' in size <8> not available
(Font)              Font shape `T1/txr/bx/n' tried instead on input line 883.
 [15] [16 <./fig_sphere_autos.pdf> <./fig_sphere_wbc.pdf>] [17] [18]
LaTeX Font Info:    Font shape `T1/txr/b/n' in size <7> not available
(Font)              Font shape `T1/txr/bx/n' tried instead on input line 1080.
<roc_figs/new/vertebral_ROC.pdf, id=159, 252.35081pt x 200.35477pt>
File: roc_figs/new/vertebral_ROC.pdf Graphic file (type pdf)
<use roc_figs/new/vertebral_ROC.pdf>
Package pdftex.def Info: roc_figs/new/vertebral_ROC.pdf  used on input line 1128.
(pdftex.def)             Requested size: 82.8019pt x 65.74124pt.
<roc_figs/new/thyroid_ROC.pdf, id=160, 252.35081pt x 200.35477pt>
File: roc_figs/new/thyroid_ROC.pdf Graphic file (type pdf)
<use roc_figs/new/thyroid_ROC.pdf>
Package pdftex.def Info: roc_figs/new/thyroid_ROC.pdf  used on input line 1129.
(pdftex.def)             Requested size: 82.8019pt x 65.74124pt.
<roc_figs/new/ecoli_ROC.pdf, id=161, 252.35081pt x 200.35477pt>
File: roc_figs/new/ecoli_ROC.pdf Graphic file (type pdf)
<use roc_figs/new/ecoli_ROC.pdf>
Package pdftex.def Info: roc_figs/new/ecoli_ROC.pdf  used on input line 1130.
(pdftex.def)             Requested size: 82.8019pt x 65.74124pt.
<roc_figs/new/glass_ROC.pdf, id=162, 252.35081pt x 200.35477pt>
File: roc_figs/new/glass_ROC.pdf Graphic file (type pdf)
<use roc_figs/new/glass_ROC.pdf>
Package pdftex.def Info: roc_figs/new/glass_ROC.pdf  used on input line 1131.
(pdftex.def)             Requested size: 82.8019pt x 65.74124pt.
<roc_figs/new/wbc_malignant_39_variant1_ROC.pdf, id=163, 252.35081pt x 200.35477pt>
File: roc_figs/new/wbc_malignant_39_variant1_ROC.pdf Graphic file (type pdf)
<use roc_figs/new/wbc_malignant_39_variant1_ROC.pdf>
Package pdftex.def Info: roc_figs/new/wbc_malignant_39_variant1_ROC.pdf  used on input line 1132.
(pdftex.def)             Requested size: 82.8019pt x 65.74124pt.
<roc_figs/new/pageblocks_1_258_variant1_ROC.pdf, id=164, 252.35081pt x 200.35477pt>
File: roc_figs/new/pageblocks_1_258_variant1_ROC.pdf Graphic file (type pdf)
<use roc_figs/new/pageblocks_1_258_variant1_ROC.pdf>
Package pdftex.def Info: roc_figs/new/pageblocks_1_258_variant1_ROC.pdf  used on input line 1133.
(pdftex.def)             Requested size: 82.8019pt x 65.74124pt.
<roc_figs/new/wine_ROC.pdf, id=165, 252.35081pt x 200.35477pt>
File: roc_figs/new/wine_ROC.pdf Graphic file (type pdf)
<use roc_figs/new/wine_ROC.pdf>
Package pdftex.def Info: roc_figs/new/wine_ROC.pdf  used on input line 1134.
(pdftex.def)             Requested size: 82.8019pt x 65.74124pt.
<roc_figs/new/cardio_ROC.pdf, id=166, 252.35081pt x 200.35477pt>
File: roc_figs/new/cardio_ROC.pdf Graphic file (type pdf)
<use roc_figs/new/cardio_ROC.pdf>
Package pdftex.def Info: roc_figs/new/cardio_ROC.pdf  used on input line 1135.
(pdftex.def)             Requested size: 82.8019pt x 65.74124pt.
<roc_figs/new/cardiotocography_2and3_33_variant1_ROC.pdf, id=167, 252.35081pt x 200.35477pt>
File: roc_figs/new/cardiotocography_2and3_33_variant1_ROC.pdf Graphic file (type pdf)
<use roc_figs/new/cardiotocography_2and3_33_variant1_ROC.pdf>
Package pdftex.def Info: roc_figs/new/cardiotocography_2and3_33_variant1_ROC.pdf  used on input line 1136.
(pdftex.def)             Requested size: 82.8019pt x 65.74124pt.
<roc_figs/new/tic_tac_toe_negative_12_variant1_ROC.pdf, id=168, 252.35081pt x 200.35477pt>
File: roc_figs/new/tic_tac_toe_negative_12_variant1_ROC.pdf Graphic file (type pdf)
<use roc_figs/new/tic_tac_toe_negative_12_variant1_ROC.pdf>
Package pdftex.def Info: roc_figs/new/tic_tac_toe_negative_12_variant1_ROC.pdf  used on input line 1137.
(pdftex.def)             Requested size: 82.8019pt x 65.74124pt.
<roc_figs/new/tic_tac_toe_negative_69_variant1_ROC.pdf, id=169, 252.35081pt x 200.35477pt>
File: roc_figs/new/tic_tac_toe_negative_69_variant1_ROC.pdf Graphic file (type pdf)
<use roc_figs/new/tic_tac_toe_negative_69_variant1_ROC.pdf>
Package pdftex.def Info: roc_figs/new/tic_tac_toe_negative_69_variant1_ROC.pdf  used on input line 1138.
(pdftex.def)             Requested size: 82.8019pt x 65.74124pt.
<roc_figs/new/wpbc_variant1_ROC.pdf, id=170, 252.35081pt x 200.35477pt>
File: roc_figs/new/wpbc_variant1_ROC.pdf Graphic file (type pdf)
<use roc_figs/new/wpbc_variant1_ROC.pdf>
Package pdftex.def Info: roc_figs/new/wpbc_variant1_ROC.pdf  used on input line 1139.
(pdftex.def)             Requested size: 82.8019pt x 65.74124pt.
<roc_figs/new/ionosphere_b_24_variant1_ROC.pdf, id=171, 252.35081pt x 200.35477pt>
File: roc_figs/new/ionosphere_b_24_variant1_ROC.pdf Graphic file (type pdf)
<use roc_figs/new/ionosphere_b_24_variant1_ROC.pdf>
Package pdftex.def Info: roc_figs/new/ionosphere_b_24_variant1_ROC.pdf  used on input line 1140.
(pdftex.def)             Requested size: 82.8019pt x 65.74124pt.
<roc_figs/new/zoo_variant1_ROC.pdf, id=172, 252.35081pt x 200.35477pt>
File: roc_figs/new/zoo_variant1_ROC.pdf Graphic file (type pdf)
<use roc_figs/new/zoo_variant1_ROC.pdf>
Package pdftex.def Info: roc_figs/new/zoo_variant1_ROC.pdf  used on input line 1141.
(pdftex.def)             Requested size: 82.8019pt x 65.74124pt.
<roc_figs/new/sick_sick_72_variant1_ROC.pdf, id=173, 252.35081pt x 200.35477pt>
File: roc_figs/new/sick_sick_72_variant1_ROC.pdf Graphic file (type pdf)
<use roc_figs/new/sick_sick_72_variant1_ROC.pdf>
Package pdftex.def Info: roc_figs/new/sick_sick_72_variant1_ROC.pdf  used on input line 1142.
(pdftex.def)             Requested size: 82.8019pt x 65.74124pt.
<roc_figs/new/autos_variant1_ROC.pdf, id=174, 252.35081pt x 200.35477pt>
File: roc_figs/new/autos_variant1_ROC.pdf Graphic file (type pdf)
<use roc_figs/new/autos_variant1_ROC.pdf>
Package pdftex.def Info: roc_figs/new/autos_variant1_ROC.pdf  used on input line 1143.
(pdftex.def)             Requested size: 82.8019pt x 65.74124pt.
<roc_figs/new/annealing_variant1_ROC.pdf, id=175, 252.35081pt x 200.35477pt>
File: roc_figs/new/annealing_variant1_ROC.pdf Graphic file (type pdf)
<use roc_figs/new/annealing_variant1_ROC.pdf>
Package pdftex.def Info: roc_figs/new/annealing_variant1_ROC.pdf  used on input line 1144.
(pdftex.def)             Requested size: 82.8019pt x 65.74124pt.
<roc_figs/new/lymphography_ROC.pdf, id=176, 252.35081pt x 200.35477pt>
File: roc_figs/new/lymphography_ROC.pdf Graphic file (type pdf)
<use roc_figs/new/lymphography_ROC.pdf>
Package pdftex.def Info: roc_figs/new/lymphography_ROC.pdf  used on input line 1145.
(pdftex.def)             Requested size: 82.8019pt x 65.74124pt.
<roc_figs/new/bands_band_6_variant1_ROC.pdf, id=177, 252.35081pt x 200.35477pt>
File: roc_figs/new/bands_band_6_variant1_ROC.pdf Graphic file (type pdf)
<use roc_figs/new/bands_band_6_variant1_ROC.pdf>
Package pdftex.def Info: roc_figs/new/bands_band_6_variant1_ROC.pdf  used on input line 1146.
(pdftex.def)             Requested size: 82.8019pt x 65.74124pt.
<roc_figs/new/audiology_variant1_ROC.pdf, id=178, 252.35081pt x 200.35477pt>
File: roc_figs/new/audiology_variant1_ROC.pdf Graphic file (type pdf)
<use roc_figs/new/audiology_variant1_ROC.pdf>
Package pdftex.def Info: roc_figs/new/audiology_variant1_ROC.pdf  used on input line 1147.
(pdftex.def)             Requested size: 82.8019pt x 65.74124pt.
 [19] [20 <./roc_figs/new/vertebral_ROC.pdf> <./roc_figs/new/thyroid_ROC.pdf> <./roc_figs/new/ecoli_ROC.pdf> <./roc_figs/new/glass_ROC.pdf> <./roc_figs/new/wbc_malignant_39_variant1_ROC.pdf> <./roc_figs/new/pageblocks_1_258_variant1_ROC.pdf> <./roc_figs/new/wine_ROC.pdf> <./roc_figs/new/cardio_ROC.pdf> <./roc_figs/new/cardiotocography_2and3_33_variant1_ROC.pdf> <./roc_figs/new/tic_tac_toe_negative_12_variant1_ROC.pdf> <./roc_figs/new/tic_tac_toe_negative_69_variant1_ROC.pdf> <./roc_figs/new/wpbc_variant1_ROC.pdf> <./roc_figs/new/ionosphere_b_24_variant1_ROC.pdf> <./roc_figs/new/zoo_variant1_ROC.pdf> <./roc_figs/new/sick_sick_72_variant1_ROC.pdf> <./roc_figs/new/autos_variant1_ROC.pdf> <./roc_figs/new/annealing_variant1_ROC.pdf> <./roc_figs/new/lymphography_ROC.pdf> <./roc_figs/new/bands_band_6_variant1_ROC.pdf> <./roc_figs/new/audiology_variant1_ROC.pdf>] [21]
<fig_runtime.pdf, id=1106, 783.12013pt x 230.12988pt>
File: fig_runtime.pdf Graphic file (type pdf)
<use fig_runtime.pdf>
Package pdftex.def Info: fig_runtime.pdf  used on input line 1189.
(pdftex.def)             Requested size: 345.0pt x 101.38387pt.
 [22]
<cd_diagram.pdf, id=1110, 592.61403pt x 169.1118pt>
File: cd_diagram.pdf Graphic file (type pdf)
<use cd_diagram.pdf>
Package pdftex.def Info: cd_diagram.pdf  used on input line 1221.
(pdftex.def)             Requested size: 317.39937pt x 90.57584pt.
 [23 <./fig_runtime.pdf> <./cd_diagram.pdf>]
LaTeX Font Info:    Font shape `T1/txr/b/n' in size <9> not available
(Font)              Font shape `T1/txr/bx/n' tried instead on input line 1264.
 [24]
<fig_sensitivity.pdf, id=1219, 927.34517pt x 244.1879pt>
File: fig_sensitivity.pdf Graphic file (type pdf)
<use fig_sensitivity.pdf>
Package pdftex.def Info: fig_sensitivity.pdf  used on input line 1301.
(pdftex.def)             Requested size: 345.0pt x 90.84738pt.
 [25 <./fig_sensitivity.pdf>] [26] [27] [28] [29]
Underfull \hbox (badness 2073) in paragraph at lines 1558--1562
[]\T1/txr/m/n/10 X. Chen, K. He, \T1/txr/m/it/10 Ex-plor-ing sim-ple Siamese rep-re-sen-ta-tion learn-ing\T1/txr/m/n/10 , in:
 []

[30]

Package natbib Warning: There were undefined citations.

[31] (./manuscript.aux)
 ***********
LaTeX2e <2025-11-01>
L3 programming layer <2026-01-19>
 ***********
 ) 
Here is how much of TeX's memory you used:
 7494 strings out of 469461
 117892 string characters out of 5468703
 535983 words of memory out of 5000000
 36014 multiletter control sequences out of 15000+600000
 706286 words of font info for 180 fonts, out of 8000000 for 9000
 36 hyphenation exceptions out of 8191
 72i,12n,79p,1151b,452s stack positions out of 10000i,1000n,20000p,200000b,200000s
<f:/Texlive/2026/texmf-dist/fonts/type1/public/amsfonts/symbols/msbm10.pfb><f:/Texlive/2026/texmf-dist/fonts/type1/public/txfonts/rtcxr.pfb><f:/Texlive/2026/texmf-dist/fonts/type1/public/txfonts/rtxbmi.pfb><f:/Texlive/2026/texmf-dist/fonts/type1/public/txfonts/rtxi.pfb><f:/Texlive/2026/texmf-dist/fonts/type1/public/txfonts/rtxmi.pfb><f:/Texlive/2026/texmf-dist/fonts/type1/public/txfonts/rtxr.pfb><f:/Texlive/2026/texmf-dist/fonts/type1/public/txfonts/txex.pfb><f:/Texlive/2026/texmf-dist/fonts/type1/public/txfonts/txsy.pfb><f:/Texlive/2026/texmf-dist/fonts/type1/public/txfonts/txsyc.pfb><f:/Texlive/2026/texmf-dist/fonts/type1/urw/times/utmb8a.pfb><f:/Texlive/2026/texmf-dist/fonts/type1/urw/times/utmbi8a.pfb><f:/Texlive/2026/texmf-dist/fonts/type1/urw/times/utmr8a.pfb><f:/Texlive/2026/texmf-dist/fonts/type1/urw/times/utmri8a.pfb>
Output written on manuscript.pdf (33 pages, 716783 bytes).
PDF statistics:
 1353 PDF objects out of 1440 (max. 8388607)
 251 compressed objects within 3 object streams
 0 named destinations out of 1000 (max. 500000)
 126 words of extra memory for PDF output out of 10000 (max. 10000000)

