This is pdfTeX, Version 3.141592653-2.6-1.40.29 (TeX Live 2026) (preloaded format=pdflatex 2026.3.31)  29 MAY 2026 16:58
entering extended mode
 restricted \write18 enabled.
 %&-line parsing enabled.
**method.tex
(./method.tex
LaTeX2e <2025-11-01>
L3 programming layer <2026-01-19>
(f:/Texlive/2026/texmf-dist/tex/latex/elsarticle/elsarticle.cls
Document Class: elsarticle 2026/01/09, 3.5: Elsevier Ltd
(f:/Texlive/2026/texmf-dist/tex/latex/base/fontenc.sty
Package: fontenc 2025/07/18 v2.1d Standard LaTeX package
)
(f:/Texlive/2026/texmf-dist/tex/latex/l3kernel/expl3.sty
Package: expl3 2026-01-19 L3 programming layer (loader) 

(f:/Texlive/2026/texmf-dist/tex/latex/l3backend/l3backend-pdftex.def
File: l3backend-pdftex.def 2025-10-09 L3 backend support: PDF output (pdfTeX)
\l__color_backend_stack_int=\count275
))
(f:/Texlive/2026/texmf-dist/tex/latex/l3packages/xparse/xparse.sty
Package: xparse 2025-10-09 L3 Experimental document command parser
)
(f:/Texlive/2026/texmf-dist/tex/latex/etoolbox/etoolbox.sty
Package: etoolbox 2025/10/02 v2.5m e-TeX tools for LaTeX (JAW)
\etb@tempcnta=\count276
)
\@bls=\dimen148

(f:/Texlive/2026/texmf-dist/tex/latex/base/article.cls
Document Class: article 2025/01/22 v1.4n Standard LaTeX document class
(f:/Texlive/2026/texmf-dist/tex/latex/base/size12.clo
File: size12.clo 2025/01/22 v1.4n Standard LaTeX file (size option)
)
\c@part=\count277
\c@section=\count278
\c@subsection=\count279
\c@subsubsection=\count280
\c@paragraph=\count281
\c@subparagraph=\count282
\c@figure=\count283
\c@table=\count284
\abovecaptionskip=\skip49
\belowcaptionskip=\skip50
\bibindent=\dimen149
)
(f:/Texlive/2026/texmf-dist/tex/latex/graphics/graphicx.sty
Package: graphicx 2024/12/31 v1.2e Enhanced LaTeX Graphics (DPC,SPQR)

(f:/Texlive/2026/texmf-dist/tex/latex/graphics/keyval.sty
Package: keyval 2022/05/29 v1.15 key=value parser (DPC)
\KV@toks@=\toks17
)
(f:/Texlive/2026/texmf-dist/tex/latex/graphics/graphics.sty
Package: graphics 2024/08/06 v1.4g Standard LaTeX Graphics (DPC,SPQR)

(f:/Texlive/2026/texmf-dist/tex/latex/graphics/trig.sty
Package: trig 2023/12/02 v1.11 sin cos tan (DPC)
)
(f:/Texlive/2026/texmf-dist/tex/latex/graphics-cfg/graphics.cfg
File: graphics.cfg 2016/06/04 v1.11 sample graphics configuration
)
Package graphics Info: Driver file: pdftex.def on input line 106.

(f:/Texlive/2026/texmf-dist/tex/latex/graphics-def/pdftex.def
File: pdftex.def 2025/09/29 v1.2d Graphics/color driver for pdftex
))
\Gin@req@height=\dimen150
\Gin@req@width=\dimen151
)
\c@tnote=\count285
\c@fnote=\count286
\c@cnote=\count287
\c@ead=\count288
\c@elsarticle@author=\count289
\@eadauthor=\toks18
\c@affn=\count290
\absbox=\box53
\elsarticlehighlightsbox=\box54
\elsarticlegrabsbox=\box55
\keybox=\box56
\Columnwidth=\dimen152
\space@left=\dimen153
\els@boxa=\box57
\els@boxb=\box58
\leftMargin=\dimen154
\@enLab=\toks19
\@sep=\skip51
\@@sep=\skip52
 (./method.spl) (f:/Texlive/2026/texmf-dist/tex/latex/natbib/natbib.sty
Package: natbib 2010/09/13 8.31b (PWD, AO)
\bibhang=\skip53
\bibsep=\skip54
LaTeX Info: Redefining \cite on input line 694.
\c@NAT@ctr=\count291
)
\splwrite=\write3
\openout3 = `method.spl'.

\appnamewidth=\dimen155
)
(f:/Texlive/2026/texmf-dist/tex/latex/amsfonts/amssymb.sty
Package: amssymb 2013/01/14 v3.01 AMS font symbols

(f:/Texlive/2026/texmf-dist/tex/latex/amsfonts/amsfonts.sty
Package: amsfonts 2013/01/14 v3.01 Basic AMSFonts support
\@emptytoks=\toks20
\symAMSa=\mathgroup4
\symAMSb=\mathgroup5
LaTeX Font Info:    Redeclaring math symbol \hbar on input line 98.
LaTeX Font Info:    Overwriting math alphabet `\mathfrak' in version `bold'
(Font)                  U/euf/m/n --> U/euf/b/n on input line 106.
))
(f:/Texlive/2026/texmf-dist/tex/latex/amsmath/amsmath.sty
Package: amsmath 2025/07/09 v2.17z AMS math features
\@mathmargin=\skip55

For additional information on amsmath, use the `?' option.
(f:/Texlive/2026/texmf-dist/tex/latex/amsmath/amstext.sty
Package: amstext 2024/11/17 v2.01 AMS text

(f:/Texlive/2026/texmf-dist/tex/latex/amsmath/amsgen.sty
File: amsgen.sty 1999/11/30 v2.0 generic functions
\@emptytoks=\toks21
\ex@=\dimen156
))
(f:/Texlive/2026/texmf-dist/tex/latex/amsmath/amsbsy.sty
Package: amsbsy 1999/11/29 v1.2d Bold Symbols
\pmbraise@=\dimen157
)
(f:/Texlive/2026/texmf-dist/tex/latex/amsmath/amsopn.sty
Package: amsopn 2022/04/08 v2.04 operator names
)
\inf@bad=\count292
LaTeX Info: Redefining \frac on input line 233.
\uproot@=\count293
\leftroot@=\count294
LaTeX Info: Redefining \overline on input line 398.
LaTeX Info: Redefining \colon on input line 409.
\classnum@=\count295
\DOTSCASE@=\count296
LaTeX Info: Redefining \ldots on input line 495.
LaTeX Info: Redefining \dots on input line 498.
LaTeX Info: Redefining \cdots on input line 619.
\Mathstrutbox@=\box59
\strutbox@=\box60
LaTeX Info: Redefining \big on input line 721.
LaTeX Info: Redefining \Big on input line 722.
LaTeX Info: Redefining \bigg on input line 723.
LaTeX Info: Redefining \Bigg on input line 724.
\big@size=\dimen158
LaTeX Font Info:    Redeclaring font encoding OML on input line 742.
LaTeX Font Info:    Redeclaring font encoding OMS on input line 743.
\macc@depth=\count297
LaTeX Info: Redefining \bmod on input line 904.
LaTeX Info: Redefining \pmod on input line 909.
LaTeX Info: Redefining \smash on input line 939.
LaTeX Info: Redefining \relbar on input line 969.
LaTeX Info: Redefining \Relbar on input line 970.
\c@MaxMatrixCols=\count298
\dotsspace@=\muskip17
\c@parentequation=\count299
\dspbrk@lvl=\count300
\tag@help=\toks22
\row@=\count301
\column@=\count302
\maxfields@=\count303
\andhelp@=\toks23
\eqnshift@=\dimen159
\alignsep@=\dimen160
\tagshift@=\dimen161
\tagwidth@=\dimen162
\totwidth@=\dimen163
\lineht@=\dimen164
\@envbody=\toks24
\multlinegap=\skip56
\multlinetaggap=\skip57
\mathdisplay@stack=\toks25
LaTeX Info: Redefining \[ on input line 2950.
LaTeX Info: Redefining \] on input line 2951.
)
(f:/Texlive/2026/texmf-dist/tex/latex/amscls/amsthm.sty
Package: amsthm 2020/05/29 v2.20.6
\thm@style=\toks26
\thm@bodyfont=\toks27
\thm@headfont=\toks28
\thm@notefont=\toks29
\thm@headpunct=\toks30
\thm@preskip=\skip58
\thm@postskip=\skip59
\thm@headsep=\skip60
\dth@everypar=\toks31
LaTeX Info: Redefining \qed on input line 273.
)
(f:/Texlive/2026/texmf-dist/tex/latex/algorithms/algorithm.sty
Package: algorithm 2009/08/24 v0.1 Document Style `algorithm' - floating enviro
nment

(f:/Texlive/2026/texmf-dist/tex/latex/float/float.sty
Package: float 2001/11/08 v1.3d Float enhancements (AL)
\c@float@type=\count304
\float@exts=\toks32
\float@box=\box61
\@float@everytoks=\toks33
\@floatcapt=\box62
)
(f:/Texlive/2026/texmf-dist/tex/latex/base/ifthen.sty
Package: ifthen 2024/03/16 v1.1e Standard LaTeX ifthen package (DPC)
)
\@float@every@algorithm=\toks34
\c@algorithm=\count305
)
(f:/Texlive/2026/texmf-dist/tex/latex/algorithmicx/algpseudocode.sty
Package: algpseudocode 

(f:/Texlive/2026/texmf-dist/tex/latex/algorithmicx/algorithmicx.sty
Package: algorithmicx 2005/04/27 v1.2 Algorithmicx

Document Style algorithmicx 1.2 - a greatly improved `algorithmic' style
\c@ALG@line=\count306
\c@ALG@rem=\count307
\c@ALG@nested=\count308
\ALG@tlm=\skip61
\ALG@thistlm=\skip62
\c@ALG@Lnr=\count309
\c@ALG@blocknr=\count310
\c@ALG@storecount=\count311
\c@ALG@tmpcounter=\count312
\ALG@tmplength=\skip63
)
Document Style - pseudocode environments for use with the `algorithmicx' style
) (f:/Texlive/2026/texmf-dist/tex/latex/tools/bm.sty
Package: bm 2025/10/21 v1.2g Bold Symbol Support (DPC/FMi)
\symboldoperators=\mathgroup6
\symboldletters=\mathgroup7
\symboldsymbols=\mathgroup8
Package bm Info: No bold for \OMX/cmex/m/n, using \pmb.
Package bm Info: No bold for \U/msa/m/n, using \pmb.
Package bm Info: No bold for \U/msb/m/n, using \pmb.
LaTeX Font Info:    Redeclaring math alphabet \mathbf on input line 149.
)
\c@proposition=\count313
\c@remark=\count314
 (./method.aux)
\openout1 = `method.aux'.

LaTeX Font Info:    Checking defaults for OML/cmm/m/it on input line 36.
LaTeX Font Info:    ... okay on input line 36.
LaTeX Font Info:    Checking defaults for OMS/cmsy/m/n on input line 36.
LaTeX Font Info:    ... okay on input line 36.
LaTeX Font Info:    Checking defaults for OT1/cmr/m/n on input line 36.
LaTeX Font Info:    ... okay on input line 36.
LaTeX Font Info:    Checking defaults for T1/cmr/m/n on input line 36.
LaTeX Font Info:    ... okay on input line 36.
LaTeX Font Info:    Checking defaults for TS1/cmr/m/n on input line 36.
LaTeX Font Info:    ... okay on input line 36.
LaTeX Font Info:    Checking defaults for OMX/cmex/m/n on input line 36.
LaTeX Font Info:    ... okay on input line 36.
LaTeX Font Info:    Checking defaults for U/cmr/m/n on input line 36.
LaTeX Font Info:    ... okay on input line 36.

(f:/Texlive/2026/texmf-dist/tex/context/base/mkii/supp-pdf.mkii
[Loading MPS to PDF converter (version 2006.09.02).]
\scratchcounter=\count315
\scratchdimen=\dimen165
\scratchbox=\box63
\nofMPsegments=\count316
\nofMParguments=\count317
\everyMPshowfont=\toks35
\MPscratchCnt=\count318
\MPscratchDim=\dimen166
\MPnumerator=\count319
\makeMPintoPDFobject=\count320
\everyMPtoPDFconversion=\toks36
) (f:/Texlive/2026/texmf-dist/tex/latex/epstopdf-pkg/epstopdf-base.sty
Package: epstopdf-base 2020-01-24 v2.11 Base part for package epstopdf
Package epstopdf-base Info: Redefining graphics rule for `.eps' on input line 4
85.

(f:/Texlive/2026/texmf-dist/tex/latex/latexconfig/epstopdf-sys.cfg
File: epstopdf-sys.cfg 2010/07/13 v1.3 Configuration of (r)epstopdf for TeX Liv
e
))
Overfull \hbox (19.008pt too wide) in paragraph at lines 51--55
\T1/cmr/m/n/12 trastive frame-work (SCMK) for one-class anomaly de-tec-tion. Th
e full manuscript
 []

LaTeX Font Info:    Trying to load font information for U+msa on input line 62.

(f:/Texlive/2026/texmf-dist/tex/latex/amsfonts/umsa.fd
File: umsa.fd 2013/01/14 v3.01 AMS symbols A
)
LaTeX Font Info:    Trying to load font information for U+msb on input line 62.


(f:/Texlive/2026/texmf-dist/tex/latex/amsfonts/umsb.fd
File: umsb.fd 2013/01/14 v3.01 AMS symbols B
) [1


{f:/Texlive/2026/texmf-var/fonts/map/pdftex/updmap/pdftex.map}{f:/Texlive/2026/
texmf-dist/fonts/enc/dvips/cm-super/cm-super-t1.enc}]
Overfull \hbox (15.81621pt too wide) in paragraph at lines 142--152
\T1/cmr/m/n/12 pair $\OT1/cmr/m/n/12 (\OML/cmm/m/it/12 k; l\OT1/cmr/m/n/12 )$\T
1/cmr/m/n/12 . Stack-ing the two views yields $\OML/cmm/b/it/12 F[] \OT1/cmr/m/
n/12 = [\OML/cmm/b/it/12 h[]\OML/cmm/m/it/12 ; [] ; \OML/cmm/b/it/12 h[]\OML/cm
m/m/it/12 ; \OML/cmm/b/it/12 h[]\OML/cmm/m/it/12 ; [] ; \OML/cmm/b/it/12 h[]\OT
1/cmr/m/n/12 ][] \OMS/cmsy/m/n/12 2
 []

[2]
Overfull \hbox (0.9818pt too wide) in paragraph at lines 157--164
\T1/cmr/m/n/12 mono-tone func-tion of co-sine sim-i-lar-ity, $\OML/cmm/m/it/12 
^^T[]\OT1/cmr/m/n/12 (\OML/cmm/b/it/12 f[]\OML/cmm/m/it/12 ; \OML/cmm/b/it/12 f
[]\OT1/cmr/m/n/12 ) = []  [] \OMS/cmsy/m/n/12 ^^@ \OT1/cmr/m/n/12 (1 \OMS/cmsy/
m/n/12 ^^@ []\OT1/cmr/m/n/12 )\OML/cmm/m/it/12 =t[][]$\T1/cmr/m/n/12 ,
 []

[3]
Overfull \hbox (34.0285pt too wide) in paragraph at lines 221--225
\T1/cmr/m/it/12 de-fine the av-er-age nor-malised within-class scat-ter $\OML/c
mm/m/it/12 ^^[[] \OT1/cmr/m/n/12 = [] [][] [][] [][]$\T1/cmr/m/it/12 .
 []


Overfull \hbox (26.70024pt too wide) in paragraph at lines 254--265
\T1/cmr/m/it/12 clus-ter in-di-ca-tor $\OML/cmm/b/it/12 H \OT1/cmr/m/n/12 = \OM
L/cmm/m/it/12 N[]\OT1/cmr/bx/n/12 1$ \T1/cmr/m/it/12 and a con-vex ker-nel com-
bi-na-tion $\OML/cmm/b/it/12 K[] \OT1/cmr/m/n/12 = [][] \OML/cmm/m/it/12 ^^Q[] 
\OT1/cmr/m/n/12 ^^H[]^^H[]$\T1/cmr/m/it/12 ,
 []


Overfull \hbox (20.92729pt too wide) in paragraph at lines 254--265
\T1/cmr/m/it/12 scale-normalised) one-class CMKKM com-pact-ness ob-jec-tive, pr
o-vid-ing a multiple-
 []

[4] [5]
Underfull \hbox (badness 7047) in paragraph at lines 403--406
[]\T1/cmr/m/n/12 B. Schölkopf, J. C. Platt, J. Shawe-Taylor, A. J. Smola,
 []

[6] [7] (./method.aux)
 ***********
LaTeX2e <2025-11-01>
L3 programming layer <2026-01-19>
 ***********
 ) 
Here is how much of TeX's memory you used:
 4898 strings out of 469461
 68839 string characters out of 5468703
 478484 words of memory out of 5000000
 33489 multiletter control sequences out of 15000+600000
 646330 words of font info for 93 fonts, out of 8000000 for 9000
 36 hyphenation exceptions out of 8191
 72i,12n,79p,267b,350s stack positions out of 10000i,1000n,20000p,200000b,200000s
<f:/Texlive/2026/texmf-dist/fonts/type1/public/amsfonts/cm/cmbx12.pfb><f:/Tex
live/2026/texmf-dist/fonts/type1/public/amsfonts/cm/cmex10.pfb><f:/Texlive/2026
/texmf-dist/fonts/type1/public/amsfonts/cm/cmmi10.pfb><f:/Texlive/2026/texmf-di
st/fonts/type1/public/amsfonts/cm/cmmi12.pfb><f:/Texlive/2026/texmf-dist/fonts/
type1/public/amsfonts/cm/cmmi6.pfb><f:/Texlive/2026/texmf-dist/fonts/type1/publ
ic/amsfonts/cm/cmmi8.pfb><f:/Texlive/2026/texmf-dist/fonts/type1/public/amsfont
s/cm/cmmib10.pfb><f:/Texlive/2026/texmf-dist/fonts/type1/public/amsfonts/cmextr
a/cmmib8.pfb><f:/Texlive/2026/texmf-dist/fonts/type1/public/amsfonts/cm/cmr10.p
fb><f:/Texlive/2026/texmf-dist/fonts/type1/public/amsfonts/cm/cmr12.pfb><f:/Tex
live/2026/texmf-dist/fonts/type1/public/amsfonts/cm/cmr8.pfb><f:/Texlive/2026/t
exmf-dist/fonts/type1/public/amsfonts/cm/cmsy10.pfb><f:/Texlive/2026/texmf-dist
/fonts/type1/public/amsfonts/cm/cmsy8.pfb><f:/Texlive/2026/texmf-dist/fonts/typ
e1/public/amsfonts/symbols/msbm10.pfb><f:/Texlive/2026/texmf-dist/fonts/type1/p
ublic/cm-super/sfbx1200.pfb><f:/Texlive/2026/texmf-dist/fonts/type1/public/cm-s
uper/sfrm0700.pfb><f:/Texlive/2026/texmf-dist/fonts/type1/public/cm-super/sfrm0
800.pfb><f:/Texlive/2026/texmf-dist/fonts/type1/public/cm-super/sfrm1000.pfb><f
:/Texlive/2026/texmf-dist/fonts/type1/public/cm-super/sfrm1200.pfb><f:/Texlive/
2026/texmf-dist/fonts/type1/public/cm-super/sfrm1728.pfb><f:/Texlive/2026/texmf
-dist/fonts/type1/public/cm-super/sfti1000.pfb><f:/Texlive/2026/texmf-dist/font
s/type1/public/cm-super/sfti1200.pfb>
Output written on method.pdf (7 pages, 279337 bytes).
PDF statistics:
 139 PDF objects out of 1000 (max. 8388607)
 85 compressed objects within 1 object stream
 0 named destinations out of 1000 (max. 500000)
 1 words of extra memory for PDF output out of 10000 (max. 10000000)

